[leader] Defining quadrants for 35x35 simulation 3
[leader] Finished all quadrs for 3
[miner4] Gold perceived: gold(20,20)
[miner1] Gold perceived: gold(1,1)
[miner4] Going for gold(20,20)
[miner1] Going for gold(1,1)
[miner1] No longer free while waiting for quadrant.
[miner1] Handling gold(1,1) now.
[leader] - InitPos miner1 is 1x0
[miner4] No longer free while waiting for quadrant.
[leader] - InitPos miner4 is 20x20
[miner4] Handling gold(20,20) now.
[miner4] Announcing gold(20,21) to others
[miner4] I've reached 20x20
[leader] - InitPos miner3 is 6x26
[leader] bid from miner3 for gold(20,21) is 19
[leader] * InitPos miner2 is 20x0
[leader] bid from miner2 for gold(20,21) is 21
[leader] bid from miner1 for gold(20,21) is 10000
[leader] Gold gold(20,21) was allocated to miner3 options were [op(10000,miner1),op(21,miner2),op(19,miner3)]
[miner3] Gold gold(20,21) allocated to miner3
[miner3] Going for gold(20,21)
[miner3] Handling gold(20,21) now.
[leader] miner1's Quadrant is: 1
[leader] miner2's Quadrant is: 2
[leader] miner3's Quadrant is: 3
[miner3] No longer free while waiting for quadrant.
[leader] miner4's Quadrant is: 4
[miner1] I've reached 1x1
[miner2] in Q1 to 34x0
[miner4] I've reached 16x16
[WorldModel] Agent 4 carried a gold to depot!
[miner4] Finish handling gold(20,20)
[miner4] in no Q, going to X1
[miner2] in Q2 to 17x2
[miner4] Gold perceived: gold(20,21)
[miner4] Dropping around(_,_) desires and intentions to handle gold(20,21)
[miner4] Going for gold(20,21)
[miner4] Handling gold(20,21) now.
[miner4] I've reached 20x21
[miner3] miner4 has taken gold(20,21) that I am pursuing! Dropping my intention.
[miner4] I've reached 16x16
[WorldModel] Agent 4 carried a gold to depot!
[miner4] Finish handling gold(20,21)
[miner2] in Q3 to 34x4
[miner1] I've reached 16x16
[miner2] Gold perceived: gold(19,2)
[miner2] Dropping around(_,_) desires and intentions to handle gold(19,2)
[miner2] Going for gold(19,2)
[miner2] Handling gold(19,2) now.
[WorldModel] Agent 1 carried a gold to depot!
[miner1] Finish handling gold(1,1)
[miner4] in no Q, going to X1
[miner3] in no Q, going to X1
[miner2] I've reached 19x2
[miner4] in Q3 to 34x22
[miner1] Gold perceived: gold(2,12)
[miner1] Dropping around(_,_) desires and intentions to handle gold(2,12)
[miner1] Going for gold(2,12)
[miner1] Handling gold(2,12) now.
[miner4] in Q2 to 17x24
[miner1] I've reached 2x12
[miner2] I've reached 16x16
[WorldModel] Agent 2 carried a gold to depot!
[miner2] Finish handling gold(19,2)
[miner3] in Q3 to 16x28
[miner3] Gold perceived: gold(2,22)
[miner3] Dropping around(_,_) desires and intentions to handle gold(2,22)
[miner3] Going for gold(2,22)
[miner3] Handling gold(2,22) now.
[miner4] in Q3 to 34x26
[miner3] I've reached 2x22
[miner2] in no Q, going to X1
[miner2] in Q3 to 34x3
[miner1] I've reached 16x16
[WorldModel] Agent 1 carried a gold to depot!
[miner1] Finish handling gold(2,12)
[miner4] Gold perceived: gold(24,24)
[miner4] Dropping around(_,_) desires and intentions to handle gold(24,24)
[miner4] Going for gold(24,24)
[miner4] Handling gold(24,24) now.
[miner4] I've reached 24x24
[miner3] Announcing gold(15,20) to others
[leader] bid from miner4 for gold(15,20) is 10000
[leader] bid from miner1 for gold(15,20) is 13
[leader] bid from miner2 for gold(15,20) is 33
[leader] Gold gold(15,20) was allocated to miner1 options were [op(33,miner2),op(13,miner1),op(10000,miner4)]
[miner1] Gold gold(15,20) allocated to miner1
[miner1] Dropping around(_,_) desires and intentions to handle gold(15,20)
[miner1] Going for gold(15,20)
[miner1] Handling gold(15,20) now.
[miner2] in Q2 to 17x5
[miner3] I've reached 16x16
[WorldModel] Agent 3 carried a gold to depot!
[miner3] Finish handling gold(2,22)
[miner4] I've reached 16x16
[WorldModel] Agent 4 carried a gold to depot!
[miner4] Finish handling gold(24,24)
[miner1] I've reached 15x20
[miner2] in Q3 to 34x7
[miner1] I've reached 16x16
[WorldModel] Agent 1 carried a gold to depot!
[miner1] Finish handling gold(15,20)
[miner4] in no Q, going to X1
[miner3] in no Q, going to X1
[miner3] in Q3 to 16x25
[miner4] in Q3 to 34x25
[miner1] in no Q, going to X1
[miner2] in Q2 to 17x9
[miner3] in Q2 to 0x27
[miner1] in Q3 to 16x15
[miner4] in Q2 to 17x27
[miner2] in Q3 to 34x11
[miner1] in Q2 to 0x16
[miner4] in Q3 to 34x29
[miner3] in Q3 to 16x29
[miner2] in Q2 to 17x13
[miner1] in Q3 to 16x16
[miner4] in Q2 to 17x31
[miner2] in Q3 to 34x15
[miner3] in Q2 to 0x31
[miner2] Gold perceived: gold(20,13)
[miner2] Dropping around(_,_) desires and intentions to handle gold(20,13)
[miner2] Going for gold(20,13)
[miner2] Handling gold(20,13) now.
[miner2] I've reached 20x13
[miner1] in Q4 to 0x0
[miner4] in Q3 to 34x33
[miner2] I've reached 16x16
[WorldModel] Agent 2 carried a gold to depot!
[miner2] Finish handling gold(20,13)
[miner2] in no Q, going to X1
[miner2] in Q3 to 34x14
[miner3] in Q3 to 16x33
[miner4] in Q2 to 17x34
[miner3] in Q2 to 0x34
[miner2] in Q2 to 17x16
[miner1] in Q1 to 16x0
[miner4] in Q3 to 34x34
[miner3] in Q3 to 16x34
[miner1] in Q2 to 0x2
[miner2] in Q3 to 34x16
[miner4] Gold perceived: gold(34,34)
[miner4] Dropping around(_,_) desires and intentions to handle gold(34,34)
[miner4] Going for gold(34,34)
[miner4] Handling gold(34,34) now.
[miner4] I've reached 34x34
[miner3] in Q4 to 0x17
[miner1] in Q3 to 16x4
[miner2] in Q4 to 17x0
[miner1] Gold perceived: gold(14,4)
[miner1] Dropping around(_,_) desires and intentions to handle gold(14,4)
[miner1] Going for gold(14,4)
[miner1] Handling gold(14,4) now.
[miner1] I've reached 14x4
[miner3] in Q1 to 16x17
[miner4] I've reached 16x16
[WorldModel] Agent 4 carried a gold to depot!
[miner4] Finish handling gold(34,34)
[miner1] I've reached 16x16
[WorldModel] Agent 1 carried a gold to depot!
[miner1] Finish handling gold(14,4)
[miner3] in Q2 to 0x19
[miner2] in Q1 to 34x0
[miner1] in no Q, going to X1
[miner2] in Q2 to 17x2
[miner1] Gold perceived: gold(3,5)
[miner1] Dropping around(_,_) desires and intentions to handle gold(3,5)
[miner1] Going for gold(3,5)
[miner1] Handling gold(3,5) now.
[miner3] in Q3 to 16x21
[miner1] I've reached 3x5
[miner4] in no Q, going to X1
[miner2] in Q3 to 34x4
[miner3] in Q2 to 0x23
[miner4] in Q3 to 34x34
[miner1] I've reached 16x16
[WorldModel] Agent 1 carried a gold to depot!
[miner1] Finish handling gold(3,5)
[miner2] in Q2 to 17x6
[miner3] in Q3 to 16x25
[miner4] in Q4 to 17x17
[miner1] in no Q, going to X1
[miner2] in Q3 to 34x8
[miner1] in Q3 to 16x7
[miner3] in Q2 to 0x27
[miner1] in Q2 to 0x9
[miner4] in Q1 to 34x17
[miner2] in Q2 to 17x10
[miner3] in Q3 to 16x29
[miner1] in Q3 to 16x11
[miner4] in Q2 to 17x19
[miner2] in Q3 to 34x12
[miner3] in Q2 to 0x31
[miner1] in Q2 to 0x13
[miner4] in Q3 to 34x21
[miner2] in Q2 to 17x14
[miner1] in Q3 to 16x15
[miner4] in Q2 to 17x23
[miner3] in Q3 to 16x33
[miner2] in Q3 to 34x16
[miner3] in Q2 to 0x34
[miner4] in Q3 to 34x25
[miner1] in Q2 to 0x16
[miner2] in Q4 to 17x0
[miner3] in Q3 to 16x34
[miner4] in Q2 to 17x27
[miner1] in Q3 to 16x16
[miner3] in Q4 to 0x17
[miner4] in Q3 to 34x29
[miner1] in Q4 to 0x0
[miner2] in Q1 to 34x0
[miner4] Gold perceived: gold(26,27)
[miner4] Dropping around(_,_) desires and intentions to handle gold(26,27)
[miner4] Going for gold(26,27)
[miner4] Handling gold(26,27) now.
[miner4] I've reached 26x27
[miner2] in Q2 to 17x2
[miner3] in Q1 to 16x17
[miner4] I've reached 16x16
[miner1] in Q1 to 16x0
[WorldModel] Agent 4 carried a gold to depot!
[miner4] Finish handling gold(26,27)
[miner2] in Q3 to 34x4
[miner3] in Q2 to 0x19
[miner1] in Q2 to 0x2
[miner4] in no Q, going to X1
[miner2] in Q2 to 17x6
[miner3] in Q3 to 16x21
[miner4] in Q3 to 34x28
[miner1] in Q3 to 16x4
[miner2] in Q3 to 34x8
[miner3] in Q2 to 0x23
[miner4] in Q2 to 17x30
[miner1] in Q2 to 0x6
[miner3] in Q3 to 16x25
[miner2] in Q2 to 17x10
[miner4] in Q3 to 34x32
[miner1] in Q3 to 16x8
[miner3] in Q2 to 0x27
[miner2] in Q3 to 34x12
[miner1] in Q2 to 0x10
[miner4] in Q2 to 17x34
[miner2] in Q2 to 17x14
[miner1] in Q3 to 16x12
[miner4] Gold perceived: gold(22,34)
[miner4] Dropping around(_,_) desires and intentions to handle gold(22,34)
[miner4] Going for gold(22,34)
[miner4] Handling gold(22,34) now.
[miner3] in Q3 to 16x29
[miner4] I've reached 22x34
[miner1] in Q2 to 0x14
[miner2] in Q3 to 34x16
[miner3] in Q2 to 0x31
[miner4] I've reached 16x16
[WorldModel] Agent 4 carried a gold to depot!
[miner4] Finish handling gold(22,34)
[miner1] in Q3 to 16x16
[miner2] in Q4 to 17x0
[miner3] in Q3 to 16x33
[miner4] in no Q, going to X1
[miner4] in Q3 to 34x34
[miner1] in Q4 to 0x0
[miner4] Gold perceived: gold(28,34)
[miner3] Gold perceived: gold(16,34)
[miner3] Dropping around(_,_) desires and intentions to handle gold(16,34)
[miner4] Dropping around(_,_) desires and intentions to handle gold(28,34)
[miner3] Going for gold(16,34)
[miner4] Going for gold(28,34)
[miner3] Handling gold(16,34) now.
[miner4] Handling gold(28,34) now.
[miner3] I've reached 16x34
[miner4] I've reached 28x34
[miner2] in Q1 to 34x0
[miner2] in Q2 to 17x2
[miner1] in Q1 to 16x0
[miner3] I've reached 16x16
[WorldModel] Agent 3 carried a gold to depot!
[miner3] Finish handling gold(16,34)
[miner4] I've reached 16x16
[WorldModel] Agent 4 carried a gold to depot!
[miner4] Finish handling gold(28,34)
[miner2] in Q3 to 34x4
[miner1] in Q2 to 0x2
[miner3] in no Q, going to X1
[miner1] in Q3 to 16x4
[miner2] in Q2 to 17x6
[miner4] in no Q, going to X1
[miner3] in Q3 to 16x34
[miner1] in Q2 to 0x6
[miner4] in Q3 to 34x34
[miner2] in Q3 to 34x8
[miner3] in Q4 to 0x17
[miner4] Gold perceived: gold(31,34)
[miner4] Dropping around(_,_) desires and intentions to handle gold(31,34)
[miner4] Going for gold(31,34)
[miner4] Handling gold(31,34) now.
[miner4] Announcing gold(32,34) to others
[leader] bid from miner1 for gold(32,34) is 60
[leader] bid from miner2 for gold(32,34) is 35
[leader] bid from miner3 for gold(32,34) is 24
[leader] Gold gold(32,34) was allocated to miner3 options were [op(24,miner3),op(35,miner2),op(60,miner1)]
[miner3] Gold gold(32,34) allocated to miner3
[miner3] Dropping around(_,_) desires and intentions to handle gold(32,34)
[miner3] Going for gold(32,34)
[miner3] Handling gold(32,34) now.
[miner4] I've reached 31x34
[miner1] in Q3 to 16x8
[miner2] in Q2 to 17x10
[miner1] in Q2 to 0x10
[miner3] I've reached 32x34
[miner2] in Q3 to 34x12
[miner1] in Q3 to 16x12
[miner4] I've reached 16x16
[WorldModel] Agent 4 carried a gold to depot!
[miner4] Finish handling gold(31,34)
[miner4] Gold perceived: gold(21,16)
[miner4] Dropping around(_,_) desires and intentions to handle gold(21,16)
[miner4] Going for gold(21,16)
[miner4] Handling gold(21,16) now.
[miner4] Announcing gold(22,16) to others
[miner4] Announcing gold(22,17) to others
[leader] bid from miner3 for gold(22,16) is 10000
[leader] bid from miner1 for gold(22,16) is 21
[leader] bid from miner1 for gold(22,17) is 22
[leader] bid from miner3 for gold(22,17) is 10000
[leader] bid from miner2 for gold(22,16) is 17
[leader] bid from miner2 for gold(22,17) is 18
[leader] Gold gold(22,16) was allocated to miner2 options were [op(17,miner2),op(21,miner1),op(10000,miner3)]
[leader] Gold gold(22,17) was allocated to miner2 options were [op(18,miner2),op(10000,miner3),op(22,miner1)]
[miner2] Gold gold(22,16) allocated to miner2
[miner2] Dropping around(_,_) desires and intentions to handle gold(22,16)
[miner2] Going for gold(22,16)
[miner2] I can not handle gold(22,17) anymore!
[miner2] (Re)announcing gold(22,17) to others
[miner2] Handling gold(22,16) now.
[leader] bid from miner1 for gold(22,17) is 10000
[leader] bid from miner3 for gold(22,17) is 10000
[leader] bid from miner4 for gold(22,17) is 10000
[leader] could not allocate gold gold(22,17)
[miner4] Announcing gold(21,15) to others
[miner4] I've reached 21x16
[miner4] Announcing gold(22,15) to others
[leader] bid from miner1 for gold(21,15) is 18
[leader] bid from miner1 for gold(22,15) is 19
[leader] bid from miner3 for gold(21,15) is 10000
[leader] bid from miner3 for gold(22,15) is 10000
[leader] bid from miner2 for gold(21,15) is 10000
[leader] bid from miner2 for gold(22,15) is 10000
[leader] Gold gold(21,15) was allocated to miner1 options were [op(10000,miner2),op(10000,miner3),op(18,miner1)]
[leader] Gold gold(22,15) was allocated to miner1 options were [op(10000,miner2),op(10000,miner3),op(19,miner1)]
[miner1] Gold gold(21,15) allocated to miner1
[miner1] Dropping around(_,_) desires and intentions to handle gold(21,15)
[miner1] Going for gold(21,15)
[miner1] I can not handle gold(22,15) anymore!
[miner1] (Re)announcing gold(22,15) to others
[miner1] Handling gold(21,15) now.
[leader] bid from miner2 for gold(22,15) is 10000
[leader] bid from miner3 for gold(22,15) is 10000
[leader] bid from miner4 for gold(22,15) is 10000
[leader] could not allocate gold gold(22,15)
[miner4] I've reached 16x16
[WorldModel] Agent 4 carried a gold to depot!
[miner4] Finish handling gold(21,16)
[miner4] Uncommitted gold distances: [d(7,gold(22,15)),d(7,gold(22,17))]2
[miner4] Next gold is gold(22,15)
[miner4] Handling gold(22,15) now.
[miner2] Giving up current gold gold(22,16) to handle gold(23,15) which I am seeing!
[miner2] Announcing gold(22,16) to others
[miner2] Going for gold(23,15)
[miner2] Giving up current gold gold(23,15) to handle gold(24,15) which I am seeing!
[miner2] Announcing gold(23,15) to others
[miner2] Going for gold(24,15)
[miner2] Handling gold(24,15) now.
[miner2] Announcing gold(25,15) to others
[leader] bid from miner3 for gold(22,16) is 10000
[leader] bid from miner3 for gold(23,15) is 10000
[leader] bid from miner4 for gold(22,16) is 10000
[leader] bid from miner1 for gold(22,16) is 10000
[leader] bid from miner1 for gold(23,15) is 10000
[leader] bid from miner1 for gold(25,15) is 10000
[leader] bid from miner4 for gold(23,15) is 10000
[leader] bid from miner4 for gold(25,15) is 10000
[leader] could not allocate gold gold(22,16)
[leader] could not allocate gold gold(23,15)
[leader] bid from miner3 for gold(25,15) is 10000
[leader] could not allocate gold gold(25,15)
[miner2] Announcing gold(24,16) to others
[miner2] I've reached 24x15
[leader] bid from miner1 for gold(24,16) is 10000
[leader] bid from miner4 for gold(24,16) is 10000
[leader] bid from miner3 for gold(24,16) is 10000
[leader] could not allocate gold gold(24,16)
[miner4] Giving up current gold gold(22,15) to handle gold(21,15) which I am seeing!
[miner4] Announcing gold(22,15) to others
[miner4] Going for gold(21,15)
[miner4] Handling gold(21,15) now.
[miner4] I've reached 21x15
[miner1] miner4 has taken gold(21,15) that I am pursuing! Dropping my intention.
[miner1] Uncommitted gold distances: [d(7,gold(24,16)),d(7,gold(25,15)),d(5,gold(23,15)),d(4,gold(22,15)),d(6,gold(22,17)),d(5,gold(22,16))]6
[miner1] Next gold is gold(22,15)
[miner1] Handling gold(22,15) now.
[miner3] I've reached 16x16
[WorldModel] Agent 3 carried a gold to depot!
[miner3] Finish handling gold(32,34)
[miner3] Uncommitted gold distances: [d(8,gold(24,16)),d(10,gold(25,15)),d(8,gold(23,15)),d(7,gold(22,17)),d(6,gold(22,16))]5
[miner3] Next gold is gold(22,16)
[miner3] Handling gold(22,16) now.
[miner1] I've reached 22x15
[miner4] I've reached 16x16
[WorldModel] Agent 4 carried a gold to depot!
[miner4] Finish handling gold(21,15)
[miner4] Uncommitted gold distances: [d(8,gold(24,16)),d(10,gold(25,15)),d(8,gold(23,15)),d(7,gold(22,17))]4
[miner4] Next gold is gold(22,17)
[miner4] Handling gold(22,17) now.
[miner3] I've reached 22x16
[miner2] I've reached 16x16
[WorldModel] Agent 2 carried a gold to depot!
[miner2] Finish handling gold(24,15)
[miner2] Uncommitted gold distances: [d(8,gold(24,16)),d(10,gold(25,15)),d(8,gold(23,15))]3
[miner2] Next gold is gold(23,15)
[miner2] Handling gold(23,15) now.
[miner4] I've reached 22x17
[miner2] I've reached 23x15
[miner1] I've reached 16x16
[WorldModel] Agent 1 carried a gold to depot!
[miner1] Finish handling gold(22,15)
[miner1] Uncommitted gold distances: [d(8,gold(24,16)),d(10,gold(25,15))]2
[miner1] Next gold is gold(24,16)
[miner1] Handling gold(24,16) now.
[miner3] I've reached 16x16
[WorldModel] Agent 3 carried a gold to depot!
[miner3] Finish handling gold(22,16)
[miner3] Uncommitted gold distances: [d(10,gold(25,15)),d(6,gold(22,16))]2
[miner3] Next gold is gold(22,16)
[miner3] Handling gold(22,16) now.
[miner4] I've reached 16x16
[WorldModel] Agent 4 carried a gold to depot!
[miner4] Finish handling gold(22,17)
[miner4] Uncommitted gold distances: [d(10,gold(25,15)),d(7,gold(22,17))]2
[miner4] Next gold is gold(22,17)
[miner4] Handling gold(22,17) now.
[miner1] I've reached 24x16
[miner2] I've reached 16x16
[miner3] I've reached 22x16
[miner3] failed to catch gold gold(22,16)
[miner3] Uncommitted gold distances: [d(4,gold(25,15))]1
[miner3] Next gold is gold(25,15)
[miner3] Handling gold(25,15) now.
[WorldModel] Agent 2 carried a gold to depot!
[miner2] Finish handling gold(23,15)
[miner3] Announcing gold(26,15) to others
[miner3] I've reached 25x15
[leader] bid from miner1 for gold(26,15) is 10000
[leader] bid from miner4 for gold(26,15) is 10000
[leader] bid from miner2 for gold(26,15) is 9
[leader] Gold gold(26,15) was allocated to miner2 options were [op(9,miner2),op(10000,miner4),op(10000,miner1)]
[miner2] Gold gold(26,15) allocated to miner2
[miner2] Dropping around(_,_) desires and intentions to handle gold(26,15)
[miner2] Going for gold(26,15)
[miner2] Handling gold(26,15) now.
[miner4] I've reached 22x17
[miner4] failed to catch gold gold(22,17)
[miner4] in no Q, going to Y1
[miner4] in no Q, going to X1
[miner1] I've reached 16x16
[miner2] I've reached 26x15
[WorldModel] Agent 1 carried a gold to depot!
[miner1] Finish handling gold(24,16)
[miner4] in Q1 to 34x17
[miner3] I've reached 16x16
[WorldModel] Agent 3 carried a gold to depot!
[miner3] Finish handling gold(25,15)
[miner1] in no Q, going to X1
[miner2] I've reached 16x16
[WorldModel] Agent 2 carried a gold to depot!
[miner2] Finish handling gold(26,15)
[miner4] in Q2 to 17x19
[miner2] in no Q, going to X1
[miner2] in Q3 to 34x16
[miner1] in Q3 to 16x11
[miner3] in no Q, going to X1
[miner1] in Q2 to 0x13
[miner4] in Q3 to 34x21
[miner2] in Q4 to 17x0
[miner3] in Q3 to 16x33
[miner4] Gold perceived: gold(34,20)
[miner4] Dropping around(_,_) desires and intentions to handle gold(34,20)
[miner4] Going for gold(34,20)
[miner4] Handling gold(34,20) now.
[miner1] in Q3 to 16x15
[miner4] I've reached 34x20
[miner3] in Q2 to 0x34
[miner2] in Q1 to 34x0
[miner1] in Q2 to 0x16
[miner3] in Q3 to 16x34
[miner4] I've reached 16x16
[WorldModel] Agent 4 carried a gold to depot!
[miner4] Finish handling gold(34,20)
[miner2] in Q2 to 17x2
[miner3] in Q4 to 0x17
[miner1] in Q3 to 16x16
[miner2] in Q3 to 34x4
[miner4] in no Q, going to X1
[miner1] in Q4 to 0x0
[miner4] in Q3 to 34x23
[miner2] Gold perceived: gold(34,0)
[miner2] Dropping around(_,_) desires and intentions to handle gold(34,0)
[miner2] Going for gold(34,0)
[miner2] Handling gold(34,0) now.
[miner2] I've reached 34x0
[miner3] in Q1 to 16x17
[miner4] in Q2 to 17x25
[miner3] in Q2 to 0x19
[miner1] Gold perceived: gold(0,0)
[miner1] Dropping around(_,_) desires and intentions to handle gold(0,0)
[miner1] Going for gold(0,0)
[miner1] Handling gold(0,0) now.
[miner1] I've reached 0x0
[miner4] in Q3 to 34x27
[miner3] in Q3 to 16x21
[miner2] I've reached 16x16
[WorldModel] Agent 2 carried a gold to depot!
[miner2] Finish handling gold(34,0)
[miner4] in Q2 to 17x29
[miner3] in Q2 to 0x23
[miner1] I've reached 16x16
[WorldModel] Agent 1 carried a gold to depot!
[miner1] Finish handling gold(0,0)
[miner2] in no Q, going to X1
[miner3] in Q3 to 16x25
[miner4] in Q3 to 34x31
[miner2] in Q3 to 34x3
[miner3] in Q2 to 0x27
[miner4] in Q2 to 17x33
[miner1] in Q3 to 16x3
[miner2] in Q2 to 17x5
[miner1] in Q2 to 0x5
[miner4] in Q3 to 34x34
[miner3] in Q3 to 16x29
[miner2] in Q3 to 34x7
[miner3] Gold perceived: gold(0,34)
[miner3] Dropping around(_,_) desires and intentions to handle gold(0,34)
[miner3] Going for gold(0,34)
[miner3] Handling gold(0,34) now.
[miner3] I've reached 0x34
[miner1] in Q3 to 16x7
[miner4] in Q4 to 17x17
[miner2] in Q2 to 17x9
[miner1] in Q2 to 0x9
[miner2] in Q3 to 34x11
[miner4] in Q1 to 34x17
[miner3] I've reached 16x16
[WorldModel] Agent 3 carried a gold to depot!
[miner3] Finish handling gold(0,34)
[miner1] in Q3 to 16x11
[miner2] in Q2 to 17x13
[miner4] in Q2 to 17x19
[miner1] in Q2 to 0x13
[miner3] in no Q, going to X1
[miner3] in Q3 to 16x34
[miner2] in Q3 to 34x15
[miner4] in Q3 to 34x21
[miner1] in Q3 to 16x15
[miner3] in Q4 to 0x17
[miner4] in Q2 to 17x23
[miner2] in Q2 to 17x16
[miner1] in Q2 to 0x16
[miner4] in Q3 to 34x25
[miner2] in Q3 to 34x16
[miner3] in Q1 to 16x17
[miner1] in Q3 to 16x16
[miner4] in Q2 to 17x27
[miner2] in Q4 to 17x0
[miner1] in Q4 to 0x0
[miner3] in Q2 to 0x19
[miner4] in Q3 to 34x29
[miner3] in Q3 to 16x21
[miner2] in Q1 to 34x0
[miner4] in Q2 to 17x31
[miner1] in Q1 to 16x0
[miner3] in Q2 to 0x23
[miner2] in Q2 to 17x2
[miner1] in Q2 to 0x2
[miner4] in Q3 to 34x33
[miner3] in Q3 to 16x25
[miner2] in Q3 to 34x4
[miner1] in Q3 to 16x4
[miner4] in Q2 to 17x34
[miner3] in Q2 to 0x27
[miner2] in Q2 to 17x6
[miner1] in Q2 to 0x6
[miner4] in Q3 to 34x34
[miner2] in Q3 to 34x8
[miner1] in Q3 to 16x8
[miner3] in Q3 to 16x29
[miner4] in Q4 to 17x17
[miner1] in Q2 to 0x10
[miner2] in Q2 to 17x10
[miner3] in Q2 to 0x31
[miner1] in Q3 to 16x12
[miner2] in Q3 to 34x12
[miner4] in Q1 to 34x17
[miner3] in Q3 to 16x33
[miner1] in Q2 to 0x14
[miner2] in Q2 to 17x14
[miner4] in Q2 to 17x19
[miner3] in Q2 to 0x34
[miner1] in Q3 to 16x16
[miner2] in Q3 to 34x16
[miner4] in Q3 to 34x21
[miner3] in Q3 to 16x34
[miner4] in Q2 to 17x23
[miner1] in Q4 to 0x0
[miner3] in Q4 to 0x17
[miner2] in Q4 to 17x0
[miner4] in Q3 to 34x25
[miner1] in Q1 to 16x0
[miner3] in Q1 to 16x17
[miner2] in Q1 to 34x0
[miner4] in Q2 to 17x27
[miner1] in Q2 to 0x2
[miner3] in Q2 to 0x19
[miner2] in Q2 to 17x2
[miner4] in Q3 to 34x29
[miner1] in Q3 to 16x4
[miner3] in Q3 to 16x21
[miner2] in Q3 to 34x4
[miner4] in Q2 to 17x31
[miner1] in Q2 to 0x6
[miner3] in Q2 to 0x23
[miner2] in Q2 to 17x6
[miner4] in Q3 to 34x33
[miner1] in Q3 to 16x8
[miner3] in Q3 to 16x25
[miner2] in Q3 to 34x8
[miner1] in Q2 to 0x10
[miner4] in Q2 to 17x34
[miner3] in Q2 to 0x27
[miner2] in Q2 to 17x10
[miner1] in Q3 to 16x12
[miner4] in Q3 to 34x34
[miner3] in Q3 to 16x29
[miner2] in Q3 to 34x12
[miner1] in Q2 to 0x14
[miner4] in Q4 to 17x17
[miner2] in Q2 to 17x14
[miner1] in Q3 to 16x16
[miner3] in Q2 to 0x31
[miner4] in Q1 to 34x17
[miner2] in Q3 to 34x16
[miner1] in Q4 to 0x0
[miner3] in Q3 to 16x33
[miner4] in Q2 to 17x19
[miner2] in Q4 to 17x0
[miner3] in Q2 to 0x34
[miner4] in Q3 to 34x21
[miner1] in Q1 to 16x0
[miner3] in Q3 to 16x34
[miner4] in Q2 to 17x23
[miner1] in Q2 to 0x2
[miner2] in Q1 to 34x0
[miner3] in Q4 to 0x17
[miner1] in Q3 to 16x4
[miner4] in Q3 to 34x25
[miner2] in Q2 to 17x2
[miner1] in Q2 to 0x6
[miner3] in Q1 to 16x17
[miner2] in Q3 to 34x4
[miner4] in Q2 to 17x27
[miner1] in Q3 to 16x8
[miner3] in Q2 to 0x19
[miner2] in Q2 to 17x6
[miner4] in Q3 to 34x29
[miner1] in Q2 to 0x10
[miner3] in Q3 to 16x21
[miner2] in Q3 to 34x8
[miner4] in Q2 to 17x31
[miner1] in Q3 to 16x12
[miner3] in Q2 to 0x23
[miner2] in Q2 to 17x10
[miner4] in Q3 to 34x33
[miner1] in Q2 to 0x14
[miner3] in Q3 to 16x25
[miner2] in Q3 to 34x12
[miner4] in Q2 to 17x34
[miner1] in Q3 to 16x16
[miner3] in Q2 to 0x27
[miner2] in Q2 to 17x14
[miner4] in Q3 to 34x34
[miner1] in Q4 to 0x0
[miner3] in Q3 to 16x29
[miner4] in Q4 to 17x17
[miner2] in Q3 to 34x16
[miner3] Gold perceived: gold(0,34)
[miner3] Dropping around(_,_) desires and intentions to handle gold(0,34)
[miner3] Going for gold(0,34)
[miner3] Handling gold(0,34) now.
[miner3] I've reached 0x34
[miner2] in Q4 to 17x0
[miner1] in Q1 to 16x0
[miner4] in Q1 to 34x17
[miner1] in Q2 to 0x2
[miner3] I've reached 16x16
[WorldModel] Agent 3 carried a gold to depot!
[miner3] Finish handling gold(0,34)
[miner4] in Q2 to 17x19
[miner1] in Q3 to 16x4
[miner2] in Q1 to 34x0
[miner4] in Q3 to 34x21
[miner1] in Q2 to 0x6
[miner2] in Q2 to 17x2
[miner3] in no Q, going to X1
[miner3] in Q3 to 16x34
[miner4] in Q2 to 17x23
[miner2] in Q3 to 34x4
[miner1] in Q3 to 16x8
[miner3] in Q4 to 0x17
[miner4] in Q3 to 34x25
[miner1] in Q2 to 0x10
[miner2] in Q2 to 17x6
[miner1] in Q3 to 16x12
[miner4] in Q2 to 17x27
[miner3] in Q1 to 16x17
[miner2] in Q3 to 34x8
[miner1] in Q2 to 0x14
[miner4] in Q3 to 34x29
[miner3] in Q2 to 0x19
[miner2] in Q2 to 17x10
[miner1] in Q3 to 16x16
[miner3] in Q3 to 16x21
[miner4] in Q2 to 17x31
[miner2] in Q3 to 34x12
[miner3] in Q2 to 0x23
[miner1] in Q4 to 0x0
[miner4] in Q3 to 34x33
[miner2] in Q2 to 17x14
[miner3] in Q3 to 16x25
[miner4] in Q2 to 17x34
[miner2] in Q3 to 34x16
[miner1] in Q1 to 16x0
[miner3] in Q2 to 0x27
[miner4] in Q3 to 34x34
[miner2] in Q4 to 17x0
[miner1] in Q2 to 0x2
[miner3] in Q3 to 16x29
[miner4] in Q4 to 17x17
[miner1] in Q3 to 16x4
[miner2] in Q1 to 34x0
[miner3] in Q2 to 0x31
[miner1] in Q2 to 0x6
[miner2] in Q2 to 17x2
[miner4] in Q1 to 34x17
[miner1] in Q3 to 16x8
[miner2] in Q3 to 34x4
[miner4] in Q2 to 17x19
[miner3] in Q3 to 16x33
[miner1] in Q2 to 0x10
[miner2] in Q2 to 17x6
[miner3] in Q2 to 0x34
[miner4] in Q3 to 34x21
[miner1] in Q3 to 16x12
[miner2] in Q3 to 34x8
[miner4] in Q2 to 17x23
[miner3] in Q3 to 16x34
[miner1] in Q2 to 0x14
[miner2] in Q2 to 17x10
[miner4] in Q3 to 34x25
[miner3] in Q4 to 0x17
[miner2] in Q3 to 34x12
[miner1] in Q3 to 16x16
[miner4] in Q2 to 17x27
[miner2] in Q2 to 17x14
[miner3] in Q1 to 16x17
[miner1] in Q4 to 0x0
[miner4] in Q3 to 34x29
[miner3] in Q2 to 0x19
[miner2] in Q3 to 34x16
[miner3] in Q3 to 16x21
[miner4] in Q2 to 17x31
[miner1] in Q1 to 16x0
[miner2] in Q4 to 17x0
[miner4] in Q3 to 34x33
[miner3] in Q2 to 0x23
[miner1] in Q2 to 0x2
[miner4] in Q2 to 17x34
[miner1] in Q3 to 16x4
[miner2] in Q1 to 34x0
[miner3] in Q3 to 16x25
[miner4] in Q3 to 34x34
[miner2] in Q2 to 17x2
[miner1] in Q2 to 0x6
[miner4] in Q4 to 17x17
[miner2] in Q3 to 34x4
[miner3] in Q2 to 0x27
[miner1] in Q3 to 16x8
[miner2] in Q2 to 17x6
[miner1] in Q2 to 0x10
[miner3] in Q3 to 16x29
[miner2] in Q3 to 34x8
[miner4] in Q1 to 34x17
[miner1] in Q3 to 16x12
[miner2] in Q2 to 17x10
[miner1] in Q2 to 0x14
[miner3] in Q2 to 0x31
[miner4] in Q2 to 17x19
[miner1] in Q3 to 16x16
[miner2] in Q3 to 34x12
[miner3] in Q3 to 16x33
[miner4] in Q3 to 34x21
[miner2] in Q2 to 17x14
[miner3] in Q2 to 0x34
[miner1] in Q4 to 0x0
[miner4] in Q2 to 17x23
[miner2] in Q3 to 34x16
[miner4] in Q3 to 34x25
[miner3] in Q3 to 16x34
[miner1] in Q1 to 16x0
[miner3] in Q4 to 0x17
[miner2] in Q4 to 17x0
[miner4] in Q2 to 17x27
[miner1] in Q2 to 0x2
[miner4] in Q3 to 34x29
[miner1] in Q3 to 16x4
[miner3] in Q1 to 16x17
[miner2] in Q1 to 34x0
[miner4] in Q2 to 17x31
[miner1] in Q2 to 0x6
[miner3] in Q2 to 0x19
[miner2] in Q2 to 17x2
[miner1] in Q3 to 16x8
[miner4] in Q3 to 34x33
[miner3] in Q3 to 16x21
[miner2] in Q3 to 34x4
[miner4] in Q2 to 17x34
[miner1] in Q2 to 0x10
[miner3] in Q2 to 0x23
[miner2] in Q2 to 17x6
[miner4] in Q3 to 34x34
[miner1] in Q3 to 16x12
[miner3] in Q3 to 16x25
[miner2] in Q3 to 34x8
[miner4] in Q4 to 17x17
[miner1] in Q2 to 0x14
[miner3] in Q2 to 0x27
[miner2] in Q2 to 17x10
[miner4] in Q1 to 34x17
[miner1] in Q3 to 16x16
[miner3] in Q3 to 16x29
[miner2] in Q3 to 34x12
[miner1] in Q4 to 0x0
[miner4] in Q2 to 17x19
[miner2] in Q2 to 17x14
[miner4] in Q3 to 34x21
[miner1] in Q1 to 16x0
[miner2] in Q3 to 34x16
[miner3] in Q2 to 0x31
[miner4] in Q2 to 17x23
[miner1] in Q2 to 0x2
[miner2] in Q4 to 17x0
[miner4] in Q3 to 34x25
[miner1] in Q3 to 16x4
[miner3] in Q3 to 16x33
[miner4] in Q2 to 17x27
[miner1] in Q2 to 0x6
[miner2] in Q1 to 34x0
[miner3] in Q2 to 0x34
[miner4] in Q3 to 34x29
[miner2] in Q2 to 17x2
[miner1] in Q3 to 16x8
[miner2] in Q3 to 34x4
[miner3] in Q3 to 16x34
[miner4] in Q2 to 17x31
[miner1] in Q2 to 0x10
[miner2] in Q2 to 17x6
[miner4] in Q3 to 34x33
[miner1] in Q3 to 16x12
[miner3] in Q4 to 0x17
[miner2] in Q3 to 34x8
[miner4] in Q2 to 17x34
[miner1] in Q2 to 0x14
[miner2] in Q2 to 17x10
[miner3] in Q1 to 16x17
[miner4] in Q3 to 34x34
[miner3] in Q2 to 0x19
[miner1] in Q3 to 16x16
[miner2] in Q3 to 34x12
[miner4] in Q4 to 17x17
[miner3] in Q3 to 16x21
[miner3] in Q2 to 0x23
[miner1] in Q4 to 0x0
[miner4] in Q1 to 34x17
[miner2] in Q2 to 17x14
[miner1] in Q1 to 16x0
[miner3] in Q3 to 16x25
[miner4] in Q2 to 17x19
[miner2] in Q3 to 34x16
[miner3] in Q2 to 0x27
[miner4] in Q3 to 34x21
[miner1] in Q2 to 0x2
[miner4] in Q2 to 17x23
[miner2] in Q4 to 17x0
[miner3] in Q3 to 16x29
[miner1] in Q3 to 16x4
[miner4] in Q3 to 34x25
[miner2] in Q1 to 34x0
[miner1] in Q2 to 0x6
[miner3] in Q2 to 0x31
[miner4] in Q2 to 17x27
[miner1] in Q3 to 16x8
[miner2] in Q2 to 17x2
[miner4] in Q3 to 34x29
[miner3] in Q3 to 16x33
[miner2] in Q3 to 34x4
[miner1] in Q2 to 0x10
[miner1] in Q3 to 16x12
[miner2] in Q2 to 17x6
[miner3] in Q2 to 0x34
[miner1] in Q2 to 0x14
[miner4] in Q2 to 17x31
[miner3] in Q3 to 16x34
[miner4] in Q3 to 34x33
[miner2] in Q3 to 34x8
[miner1] in Q3 to 16x16
[miner3] in Q4 to 0x17
[miner4] in Q2 to 17x34
[miner1] in Q4 to 0x0
[miner2] in Q2 to 17x10
[miner4] in Q3 to 34x34
[miner3] in Q1 to 16x17
[miner1] in Q1 to 16x0
[miner2] in Q3 to 34x12
[miner4] in Q4 to 17x17
[miner1] in Q2 to 0x2
[miner3] in Q2 to 0x19
[miner2] in Q2 to 17x14
[miner1] in Q3 to 16x4
[miner3] in Q3 to 16x21
[miner2] in Q3 to 34x16
[miner4] in Q1 to 34x17
[miner1] in Q2 to 0x6
[miner3] in Q2 to 0x23
[miner4] in Q2 to 17x19
[miner2] in Q4 to 17x0
[miner1] in Q3 to 16x8
[miner3] in Q3 to 16x25
[miner4] in Q3 to 34x21
[miner1] in Q2 to 0x10
[miner2] in Q1 to 34x0
[miner3] in Q2 to 0x27
[miner1] in Q3 to 16x12
[miner4] in Q2 to 17x23
[miner3] in Q3 to 16x29
[miner4] in Q3 to 34x25
[miner2] in Q2 to 17x2
[miner1] in Q2 to 0x14
[miner4] in Q2 to 17x27
[miner2] in Q3 to 34x4
[miner3] in Q2 to 0x31
[miner1] in Q3 to 16x16
[miner4] in Q3 to 34x29
[miner2] in Q2 to 17x6
[miner3] in Q3 to 16x33
[miner4] in Q2 to 17x31
[miner1] in Q4 to 0x0
[miner2] in Q3 to 34x8
[miner4] in Q3 to 34x33
[miner3] in Q2 to 0x34
[miner2] in Q2 to 17x10
[miner4] in Q2 to 17x34
[miner2] in Q3 to 34x12
[miner3] in Q3 to 16x34
[miner1] in Q1 to 16x0
[miner4] in Q3 to 34x34
[miner2] in Q2 to 17x14
[miner3] in Q4 to 0x17
[miner1] in Q2 to 0x2
[miner4] in Q4 to 17x17
[miner1] in Q3 to 16x4
[miner2] in Q3 to 34x16
[miner1] in Q2 to 0x6
[miner2] in Q4 to 17x0
[miner3] in Q1 to 16x17
[miner1] in Q3 to 16x8
[miner4] in Q1 to 34x17
[miner3] in Q2 to 0x19
[miner1] in Q2 to 0x10
[miner2] in Q1 to 34x0
[miner4] in Q2 to 17x19
[miner1] in Q3 to 16x12
[miner3] in Q3 to 16x21
[miner2] in Q2 to 17x2
[miner4] in Q3 to 34x21
[miner1] in Q2 to 0x14
[miner3] in Q2 to 0x23
[miner2] in Q3 to 34x4
[miner1] in Q3 to 16x16
[miner4] in Q2 to 17x23
[miner3] in Q3 to 16x25
[miner4] in Q3 to 34x25
[miner2] in Q2 to 17x6
[miner3] in Q2 to 0x27
[miner1] in Q4 to 0x0
[miner4] in Q2 to 17x27
[miner2] in Q3 to 34x8
[miner4] in Q3 to 34x29
[miner2] in Q2 to 17x10
[miner1] in Q1 to 16x0
[miner3] in Q3 to 16x29
[miner4] in Q2 to 17x31
[miner2] in Q3 to 34x12
[miner1] in Q2 to 0x2
[miner4] in Q3 to 34x33
[miner2] in Q2 to 17x14
[miner1] in Q3 to 16x4
[miner4] in Q2 to 17x34
[miner1] in Q2 to 0x6
[miner3] in Q2 to 0x31
[miner2] in Q3 to 34x16
[miner4] in Q3 to 34x34
[miner1] in Q3 to 16x8
[miner4] in Q4 to 17x17
[miner3] in Q3 to 16x33
[miner1] in Q2 to 0x10
[miner2] in Q4 to 17x0
[miner3] in Q2 to 0x34
[miner1] in Q3 to 16x12
[miner3] in Q3 to 16x34
[miner1] in Q2 to 0x14
[miner3] in Q4 to 0x17
[miner4] in Q1 to 34x17
[miner2] in Q1 to 34x0
[miner1] in Q3 to 16x16
[miner4] in Q2 to 17x19
[miner2] in Q2 to 17x2
[miner3] in Q1 to 16x17
[miner1] in Q4 to 0x0
[miner4] in Q3 to 34x21
[miner3] in Q2 to 0x19
[miner1] in Q1 to 16x0
[miner4] in Q2 to 17x23
[miner3] in Q3 to 16x21
[miner1] in Q2 to 0x2
[miner1] in Q3 to 16x4
[miner2] in Q3 to 34x4
[miner4] in Q3 to 34x25
[miner3] in Q2 to 0x23
[miner3] in Q3 to 16x25
[miner4] in Q2 to 17x27
[miner1] in Q2 to 0x6
[miner2] in Q2 to 17x6
[miner4] in Q3 to 34x29
[miner3] in Q2 to 0x27
[miner1] in Q3 to 16x8
[miner2] in Q3 to 34x8
[miner4] in Q2 to 17x31
[miner1] in Q2 to 0x10
[miner3] in Q3 to 16x29
[miner4] in Q3 to 34x33
[miner1] in Q3 to 16x12
[miner3] Gold perceived: gold(1,31)
[miner3] Dropping around(_,_) desires and intentions to handle gold(1,31)
[miner2] in Q2 to 17x10
[miner3] Going for gold(1,31)
[miner3] Handling gold(1,31) now.
[miner3] I've reached 1x31
[miner4] in Q2 to 17x34
[miner1] in Q2 to 0x14
[miner2] in Q3 to 34x12
[miner4] in Q3 to 34x34
[miner1] in Q3 to 16x16
[miner3] I've reached 16x16
[WorldModel] Agent 3 carried a gold to depot!
[miner3] Finish handling gold(1,31)
[miner4] in Q4 to 17x17
[miner2] in Q2 to 17x14
[miner1] in Q4 to 0x0
[miner4] in Q1 to 34x17
[miner2] in Q3 to 34x16
[miner3] in no Q, going to X1
[miner3] in Q3 to 16x32
[miner4] in Q2 to 17x19
[miner2] in Q4 to 17x0
[miner3] in Q2 to 0x34
[miner4] in Q3 to 34x21
[miner1] in Q1 to 16x0
[miner1] in Q2 to 0x2
[miner4] in Q2 to 17x23
[miner1] in Q3 to 16x4
[miner3] in Q3 to 16x34
[miner4] in Q3 to 34x25
[miner1] in Q2 to 0x6
[miner2] in Q1 to 34x0
[miner3] in Q4 to 0x17
[miner2] in Q2 to 17x2
[miner4] in Q2 to 17x27
[miner1] in Q3 to 16x8
[miner2] in Q3 to 34x4
[miner4] in Q3 to 34x29
[miner3] in Q1 to 16x17
[miner2] in Q2 to 17x6
[miner1] in Q2 to 0x10
[miner4] in Q2 to 17x31
[miner3] in Q2 to 0x19
[miner1] in Q3 to 16x12
[miner2] in Q3 to 34x8
[miner3] in Q3 to 16x21
[miner4] in Q3 to 34x33
[miner3] in Q2 to 0x23
[miner2] in Q2 to 17x10
[miner1] in Q2 to 0x14
[miner3] in Q3 to 16x25
[miner2] in Q3 to 34x12
[miner1] in Q3 to 16x16
[miner4] in Q2 to 17x34
[miner2] in Q2 to 17x14
[miner3] in Q2 to 0x27
[miner1] in Q4 to 0x0
[miner2] in Q3 to 34x16
[miner4] in Q3 to 34x34
[miner3] in Q3 to 16x29
[miner4] in Q4 to 17x17
[miner2] in Q4 to 17x0
[miner1] in Q1 to 16x0
[miner3] in Q2 to 0x31
[miner1] in Q2 to 0x2
[miner4] in Q1 to 34x17
[miner1] in Q3 to 16x4
[miner3] in Q3 to 16x33
[miner2] in Q1 to 34x0
[miner1] in Q2 to 0x6
[miner3] in Q2 to 0x34
[miner2] in Q2 to 17x2
[miner4] in Q2 to 17x19
[miner1] in Q3 to 16x8
[miner2] in Q3 to 34x4
[miner3] in Q3 to 16x34
[miner4] in Q3 to 34x21
[miner3] in Q4 to 0x17
[miner1] in Q2 to 0x10
[miner2] in Q2 to 17x6
[miner1] in Q3 to 16x12
[miner2] in Q3 to 34x8
[miner4] in Q2 to 17x23
[miner3] in Q1 to 16x17
[miner1] in Q2 to 0x14
[miner2] in Q2 to 17x10
[miner3] in Q2 to 0x19
[miner2] in Q3 to 34x12
[miner4] in Q3 to 34x25
[miner3] in Q3 to 16x21
[miner2] in Q2 to 17x14
[miner1] in Q3 to 16x16
[miner4] in Q2 to 17x27
[miner3] in Q2 to 0x23
[miner2] in Q3 to 34x16
[miner3] in Q3 to 16x25
[miner1] in Q4 to 0x0
[miner4] in Q3 to 34x29
[miner2] in Q4 to 17x0
[miner3] in Q2 to 0x27
[miner1] in Q1 to 16x0
[miner4] in Q2 to 17x31
[miner1] in Q2 to 0x2
[miner3] in Q3 to 16x29
[miner4] in Q3 to 34x33
[miner2] in Q1 to 34x0
[miner1] in Q3 to 16x4
[miner4] in Q2 to 17x34
[miner2] in Q2 to 17x2
[miner4] in Q3 to 34x34
[miner3] in Q2 to 0x31
[miner1] in Q2 to 0x6
[miner2] in Q3 to 34x4
[miner4] in Q4 to 17x17
[miner3] in Q3 to 16x33
[miner1] in Q3 to 16x8
[miner3] in Q2 to 0x34
[miner1] in Q2 to 0x10
[miner2] in Q2 to 17x6
[miner4] in Q1 to 34x17
[miner3] in Q3 to 16x34
[miner1] in Q3 to 16x12
[miner3] in Q4 to 0x17
[miner4] in Q2 to 17x19
[miner2] in Q3 to 34x8
[miner1] in Q2 to 0x14
[miner2] in Q2 to 17x10
[miner3] in Q1 to 16x17
[miner4] in Q3 to 34x21
[miner1] in Q3 to 16x16
[miner3] in Q2 to 0x19
[miner2] in Q3 to 34x12
[miner4] in Q2 to 17x23
[miner3] in Q3 to 16x21
[miner1] in Q4 to 0x0
[miner2] in Q2 to 17x14
[miner3] in Q2 to 0x23
[miner4] in Q3 to 34x25
[miner2] in Q3 to 34x16
[miner3] in Q3 to 16x25
[miner4] in Q2 to 17x27
[miner2] in Q4 to 17x0
[miner4] in Q3 to 34x29
[miner3] in Q2 to 0x27
[miner1] in Q1 to 16x0
[miner4] in Q2 to 17x31
[miner2] in Q1 to 34x0
[miner3] in Q3 to 16x29
[miner4] in Q3 to 34x33
[miner2] in Q2 to 17x2
[miner1] in Q2 to 0x2
[miner1] in Q3 to 16x4
[miner4] in Q2 to 17x34
[miner3] in Q2 to 0x31
[miner2] in Q3 to 34x4
[miner4] in Q3 to 34x34
[miner1] in Q2 to 0x6
[miner3] in Q3 to 16x33
[miner2] in Q2 to 17x6
[miner1] in Q3 to 16x8
[miner4] in Q4 to 17x17
[miner3] in Q2 to 0x34
[miner2] in Q3 to 34x8
[miner1] in Q2 to 0x10
[miner3] in Q3 to 16x34
[miner1] in Q3 to 16x12
[miner2] in Q2 to 17x10
[miner3] in Q4 to 0x17
[miner4] in Q1 to 34x17
[miner1] in Q2 to 0x14
[miner2] in Q3 to 34x12
[miner4] in Q2 to 17x19
[miner1] in Q3 to 16x16
[miner2] in Q2 to 17x14
[miner3] in Q1 to 16x17
[miner1] in Q4 to 0x0
[miner4] in Q3 to 34x21
[miner4] in Q2 to 17x23
[miner3] in Q2 to 0x19
[miner2] in Q3 to 34x16
[miner4] in Q3 to 34x25
[miner1] in Q1 to 16x0
[miner3] in Q3 to 16x21
[miner2] in Q4 to 17x0
[miner1] in Q2 to 0x2
[miner4] in Q2 to 17x27
[miner3] in Q2 to 0x23
[miner1] in Q3 to 16x4
[miner4] in Q3 to 34x29
[miner2] in Q1 to 34x0
[miner3] in Q3 to 16x25
[miner2] in Q2 to 17x2
[miner1] in Q2 to 0x6
[miner2] in Q3 to 34x4
[miner4] in Q2 to 17x31
[miner1] in Q3 to 16x8
[miner3] in Q2 to 0x27
[miner1] in Q2 to 0x10
[miner2] in Q2 to 17x6
[miner4] in Q3 to 34x33
[miner1] in Q3 to 16x12
[miner3] in Q3 to 16x29
[miner2] in Q3 to 34x8
[miner4] in Q2 to 17x34
[miner1] in Q2 to 0x14
[miner2] in Q2 to 17x10
[miner4] in Q3 to 34x34
[miner3] in Q2 to 0x31
[miner1] in Q3 to 16x16
[miner2] in Q3 to 34x12
[miner4] in Q4 to 17x17
[miner3] in Q3 to 16x33
[miner2] in Q2 to 17x14
[miner1] in Q4 to 0x0
[miner3] in Q2 to 0x34
[miner2] in Q3 to 34x16
[miner4] in Q1 to 34x17
[miner3] in Q3 to 16x34
[miner2] in Q4 to 17x0
[miner3] in Q4 to 0x17
[miner4] in Q2 to 17x19
[miner1] in Q1 to 16x0
[miner4] in Q3 to 34x21
[miner1] in Q2 to 0x2
[miner2] in Q1 to 34x0
[miner4] in Q2 to 17x23
[miner1] in Q3 to 16x4
[miner3] in Q1 to 16x17
[miner1] in Q2 to 0x6
[miner2] in Q2 to 17x2
[miner1] in Q3 to 16x8
[miner3] in Q2 to 0x19
[miner4] in Q3 to 34x25
[miner2] in Q3 to 34x4
[miner3] in Q3 to 16x21
[miner4] in Q2 to 17x27
[miner2] in Q2 to 17x6
[miner1] in Q2 to 0x10
[miner4] in Q3 to 34x29
[miner3] in Q2 to 0x23
[miner1] in Q3 to 16x12
[miner2] in Q3 to 34x8
[miner4] in Q2 to 17x31
[miner1] in Q2 to 0x14
[miner3] in Q3 to 16x25
[miner4] in Q3 to 34x33
[miner2] in Q2 to 17x10
[miner3] in Q2 to 0x27
[miner1] in Q3 to 16x16
[miner2] in Q3 to 34x12
[miner4] in Q2 to 17x34
[miner3] in Q3 to 16x29
[miner3] Gold perceived: gold(2,30)
[miner3] Dropping around(_,_) desires and intentions to handle gold(2,30)
[miner3] Going for gold(2,30)
[miner3] Handling gold(2,30) now.
[miner2] in Q2 to 17x14
[miner4] in Q3 to 34x34
[miner3] Announcing gold(3,30) to others
[miner3] I've reached 2x30
[miner3] Announcing gold(3,31) to others
[leader] bid from miner4 for gold(3,30) is 21
[leader] bid from miner4 for gold(3,31) is 20
[leader] bid from miner2 for gold(3,30) is 48
[leader] bid from miner2 for gold(3,31) is 49
[leader] bid from miner1 for gold(3,30) is 26
[leader] Gold gold(3,30) was allocated to miner4 options were [op(26,miner1),op(48,miner2),op(21,miner4)]
[miner4] Gold gold(3,30) allocated to miner4
[miner4] Dropping around(_,_) desires and intentions to handle gold(3,30)
[miner4] Going for gold(3,30)
[miner4] Handling gold(3,30) now.
[leader] bid from miner1 for gold(3,31) is 27
[leader] Gold gold(3,31) was allocated to miner4 options were [op(27,miner1),op(49,miner2),op(20,miner4)]
[miner4] I can not handle gold(3,31) anymore!
[miner4] (Re)announcing gold(3,31) to others
[leader] bid from miner3 for gold(3,31) is 10000
[leader] bid from miner1 for gold(3,31) is 10000
[leader] bid from miner2 for gold(3,31) is 10000
[leader] could not allocate gold gold(3,31)
[miner2] in Q3 to 34x16
[miner1] in Q4 to 0x0
[miner3] I've reached 16x16
[WorldModel] Agent 3 carried a gold to depot!
[miner2] in Q4 to 17x0
[miner3] Finish handling gold(2,30)
[miner3] Uncommitted gold distances: [d(28,gold(3,31))]1
[miner3] Next gold is gold(3,31)
[miner3] Handling gold(3,31) now.
[miner1] in Q1 to 16x0
[miner4] Giving up current gold gold(3,30) to handle gold(3,31) which I am seeing!
[miner4] Announcing gold(3,30) to others
[miner1] in Q2 to 0x2
[miner4] Going for gold(3,31)
[miner4] Handling gold(3,31) now.
[leader] bid from miner1 for gold(3,30) is 10000
[leader] bid from miner3 for gold(3,30) is 10000
[leader] bid from miner2 for gold(3,30) is 10000
[leader] could not allocate gold gold(3,30)
[miner4] Announcing gold(4,30) to others
[miner4] I've reached 3x31
[miner1] in Q3 to 16x4
[miner4] Announcing gold(4,31) to others
[leader] bid from miner1 for gold(4,30) is 32
[leader] bid from miner3 for gold(4,30) is 10000
[leader] bid from miner2 for gold(4,30) is 37
[leader] bid from miner1 for gold(4,31) is 32
[leader] Gold gold(4,30) was allocated to miner1 options were [op(37,miner2),op(10000,miner3),op(32,miner1)]
[miner1] Gold gold(4,30) allocated to miner1
[miner1] Dropping around(_,_) desires and intentions to handle gold(4,30)
[miner1] Going for gold(4,30)
[leader] bid from miner3 for gold(4,31) is 10000
[miner1] Handling gold(4,30) now.
[leader] bid from miner2 for gold(4,31) is 39
[leader] Gold gold(4,31) was allocated to miner1 options were [op(39,miner2),op(10000,miner3),op(32,miner1)]
[miner1] I can not handle gold(4,31) anymore!
[miner1] (Re)announcing gold(4,31) to others
[miner3] miner4 has taken gold(3,31) that I am pursuing! Dropping my intention.
[leader] bid from miner3 for gold(4,31) is 10000
[leader] bid from miner2 for gold(4,31) is 10000
[miner3] Uncommitted gold distances: [d(9,gold(4,31)),d(7,gold(3,30))]2
[miner3] Next gold is gold(3,30)
[miner3] Handling gold(3,30) now.
[leader] bid from miner4 for gold(4,31) is 10000
[leader] could not allocate gold gold(4,31)
[miner2] in Q1 to 34x0
[miner2] in Q2 to 17x2
[miner2] in Q3 to 34x4
[miner3] I've reached 3x30
[miner2] in Q2 to 17x6
[miner4] I've reached 16x16
[WorldModel] Agent 4 carried a gold to depot!
[miner4] Finish handling gold(3,31)
[miner4] Uncommitted gold distances: [d(27,gold(4,31))]1
[miner4] Next gold is gold(4,31)
[miner4] Handling gold(4,31) now.
[miner1] Announcing gold(5,30) to others
[miner1] I've reached 4x30
[miner2] in Q3 to 34x8
[miner1] Announcing gold(5,31) to others
[leader] bid from miner2 for gold(5,30) is 37
[leader] bid from miner2 for gold(5,31) is 39
[leader] bid from miner3 for gold(5,30) is 10000
[leader] bid from miner3 for gold(5,31) is 10000
[leader] bid from miner4 for gold(5,30) is 10000
[leader] bid from miner4 for gold(5,31) is 10000
[leader] Gold gold(5,30) was allocated to miner2 options were [op(10000,miner4),op(10000,miner3),op(37,miner2)]
[leader] Gold gold(5,31) was allocated to miner2 options were [op(10000,miner4),op(10000,miner3),op(39,miner2)]
[miner2] Gold gold(5,30) allocated to miner2
[miner2] Dropping around(_,_) desires and intentions to handle gold(5,30)
[miner2] Going for gold(5,30)
[miner2] I can not handle gold(5,31) anymore!
[miner2] (Re)announcing gold(5,31) to others
[miner2] Handling gold(5,30) now.
[leader] bid from miner3 for gold(5,31) is 10000
[leader] bid from miner4 for gold(5,31) is 10000
[leader] bid from miner1 for gold(5,31) is 10000
[leader] could not allocate gold gold(5,31)
[miner4] I've reached 4x31
[miner3] I've reached 16x16
[WorldModel] Agent 3 carried a gold to depot!
[miner3] Finish handling gold(3,30)
[miner3] Uncommitted gold distances: [d(26,gold(5,31)),d(27,gold(3,30))]2
[miner3] Next gold is gold(5,31)
[miner3] Handling gold(5,31) now.
[miner1] I've reached 16x16
[WorldModel] Agent 1 carried a gold to depot!
[miner1] Finish handling gold(4,30)
[miner4] I've reached 16x16
[WorldModel] Agent 4 carried a gold to depot!
[miner4] Finish handling gold(4,31)
[miner4] Uncommitted gold distances: [d(27,gold(4,31))]1
[miner4] Next gold is gold(4,31)
[miner4] Handling gold(4,31) now.
[miner1] in no Q, going to X1
[miner1] in Q3 to 16x3
[miner3] Giving up current gold gold(5,31) to handle gold(5,30) which I am seeing!
[miner3] Announcing gold(5,31) to others
[miner3] Going for gold(5,30)
[leader] bid from miner1 for gold(5,31) is 10000
[miner3] Handling gold(5,30) now.
[leader] bid from miner2 for gold(5,31) is 10000
[leader] bid from miner4 for gold(5,31) is 10000
[leader] could not allocate gold gold(5,31)
[miner3] Announcing gold(6,30) to others
[miner3] I've reached 5x30
[miner3] Announcing gold(6,31) to others
[leader] bid from miner2 for gold(6,30) is 10000
[miner1] in Q2 to 0x5
[leader] bid from miner1 for gold(6,30) is 37
[leader] bid from miner1 for gold(6,31) is 38
[leader] bid from miner4 for gold(6,30) is 10000
[leader] bid from miner4 for gold(6,31) is 10000
[leader] Gold gold(6,30) was allocated to miner1 options were [op(10000,miner4),op(37,miner1),op(10000,miner2)]
[miner1] Gold gold(6,30) allocated to miner1
[miner1] Dropping around(_,_) desires and intentions to handle gold(6,30)
[miner1] Going for gold(6,30)
[miner1] Handling gold(6,30) now.
[leader] bid from miner2 for gold(6,31) is 10000
[miner2] miner3 has taken gold(5,30) that I am pursuing! Dropping my intention.
[leader] Gold gold(6,31) was allocated to miner1 options were [op(10000,miner2),op(10000,miner4),op(38,miner1)]
[miner1] I can not handle gold(6,31) anymore!
[miner1] (Re)announcing gold(6,31) to others
[leader] bid from miner4 for gold(6,31) is 10000
[leader] bid from miner2 for gold(6,31) is 10000
[miner2] Uncommitted gold distances: [d(5,gold(6,31)),d(4,gold(5,31))]2
[miner2] Next gold is gold(5,31)
[miner2] Handling gold(5,31) now.
[leader] bid from miner3 for gold(6,31) is 10000
[leader] could not allocate gold gold(6,31)
[miner2] I've reached 5x31
[miner4] I've reached 4x31
[miner4] failed to catch gold gold(4,31)
[miner4] Uncommitted gold distances: [d(2,gold(6,31))]1
[miner4] Next gold is gold(6,31)
[miner4] Handling gold(6,31) now.
[miner4] Announcing gold(7,30) to others
[miner4] I've reached 6x31
[leader] bid from miner3 for gold(7,30) is 10000
[leader] bid from miner2 for gold(7,30) is 10000
[leader] bid from miner1 for gold(7,30) is 10000
[leader] could not allocate gold gold(7,30)
[miner4] Announcing gold(7,31) to others
[leader] bid from miner2 for gold(7,31) is 10000
[leader] bid from miner3 for gold(7,31) is 10000
[leader] bid from miner1 for gold(7,31) is 10000
[leader] could not allocate gold gold(7,31)
[miner3] I've reached 16x16
[WorldModel] Agent 3 carried a gold to depot!
[miner3] Finish handling gold(5,30)
[miner3] Uncommitted gold distances: [d(24,gold(7,31)),d(23,gold(7,30)),d(27,gold(3,30))]3
[miner3] Next gold is gold(7,30)
[miner3] Handling gold(7,30) now.
[miner2] I've reached 16x16
[WorldModel] Agent 2 carried a gold to depot!
[miner2] Finish handling gold(5,31)
[miner2] Uncommitted gold distances: [d(24,gold(7,31)),d(26,gold(5,31))]2
[miner2] Next gold is gold(7,31)
[miner2] Handling gold(7,31) now.
[miner4] I've reached 16x16
[WorldModel] Agent 4 carried a gold to depot!
[miner4] Finish handling gold(6,31)
[miner4] Uncommitted gold distances: [d(25,gold(6,31))]1
[miner4] Next gold is gold(6,31)
[miner4] Handling gold(6,31) now.
[miner1] I've reached 6x30
[miner3] Announcing gold(8,29) to others
[miner3] I've reached 7x30
[miner3] Announcing gold(8,30) to others
[miner3] Announcing gold(8,31) to others
[leader] bid from miner1 for gold(8,29) is 10000
[leader] bid from miner2 for gold(8,29) is 10000
[leader] bid from miner2 for gold(8,30) is 10000
[leader] bid from miner1 for gold(8,30) is 10000
[leader] bid from miner1 for gold(8,31) is 10000
[leader] bid from miner2 for gold(8,31) is 10000
[leader] bid from miner4 for gold(8,29) is 10000
[leader] bid from miner4 for gold(8,30) is 10000
[leader] bid from miner4 for gold(8,31) is 10000
[leader] could not allocate gold gold(8,29)
[leader] could not allocate gold gold(8,30)
[leader] could not allocate gold gold(8,31)
[miner2] I've reached 7x31
[miner4] I've reached 6x31
[miner4] failed to catch gold gold(6,31)
[miner4] Uncommitted gold distances: [d(2,gold(8,31)),d(3,gold(8,30)),d(4,gold(8,29))]3
[miner4] Next gold is gold(8,31)
[miner4] Handling gold(8,31) now.
[miner1] I've reached 16x16
[WorldModel] Agent 1 carried a gold to depot!
[miner1] Finish handling gold(6,30)
[miner1] Uncommitted gold distances: [d(22,gold(8,30)),d(21,gold(8,29))]2
[miner1] Next gold is gold(8,29)
[miner1] Handling gold(8,29) now.
[miner4] Announcing gold(9,30) to others
[miner4] I've reached 8x31
[miner4] Announcing gold(9,31) to others
[leader] bid from miner2 for gold(9,30) is 10000
[leader] bid from miner2 for gold(9,31) is 10000
[leader] bid from miner3 for gold(9,30) is 10000
[leader] bid from miner3 for gold(9,31) is 10000
[miner4] Announcing gold(9,29) to others
[leader] bid from miner1 for gold(9,30) is 10000
[leader] could not allocate gold gold(9,30)
[leader] bid from miner3 for gold(9,29) is 10000
[leader] bid from miner2 for gold(9,29) is 10000
[leader] bid from miner1 for gold(9,31) is 10000
[leader] bid from miner1 for gold(9,29) is 10000
[leader] could not allocate gold gold(9,31)
[leader] could not allocate gold gold(9,29)
[miner3] I've reached 16x16
[WorldModel] Agent 3 carried a gold to depot!
[miner3] Finish handling gold(7,30)
[miner3] Uncommitted gold distances: [d(20,gold(9,29)),d(22,gold(9,31)),d(21,gold(9,30)),d(22,gold(8,30)),d(27,gold(3,30))]5
[miner3] Next gold is gold(9,29)
[miner3] Handling gold(9,29) now.
[miner2] I've reached 16x16
[WorldModel] Agent 2 carried a gold to depot!
[miner2] Finish handling gold(7,31)
[miner2] Uncommitted gold distances: [d(22,gold(9,31)),d(21,gold(9,30)),d(22,gold(8,30)),d(26,gold(5,31))]4
[miner2] Next gold is gold(9,30)
[miner2] Handling gold(9,30) now.
[miner1] Giving up current gold gold(8,29) to handle gold(8,30) which I am seeing!
[miner1] Announcing gold(8,29) to others
[miner1] Going for gold(8,30)
[miner1] Handling gold(8,30) now.
[leader] bid from miner4 for gold(8,29) is 10000
[leader] bid from miner3 for gold(8,29) is 10000
[leader] bid from miner2 for gold(8,29) is 10000
[leader] could not allocate gold gold(8,29)
[miner1] I've reached 8x30
[miner4] I've reached 16x16
[WorldModel] Agent 4 carried a gold to depot!
[miner4] Finish handling gold(8,31)
[miner4] Uncommitted gold distances: [d(22,gold(9,31)),d(21,gold(8,29))]2
[miner4] Next gold is gold(8,29)
[miner4] Handling gold(8,29) now.
[miner3] Giving up current gold gold(9,29) to handle gold(8,29) which I am seeing!
[miner3] Announcing gold(9,29) to others
[miner3] Going for gold(8,29)
[miner3] Handling gold(8,29) now.
[leader] bid from miner2 for gold(9,29) is 10000
[leader] bid from miner1 for gold(9,29) is 10000
[leader] bid from miner4 for gold(9,29) is 10000
[leader] could not allocate gold gold(9,29)
[miner3] Announcing gold(8,28) to others
[miner3] I've reached 8x29
[miner3] Announcing gold(9,28) to others
[miner2] I've reached 9x30
[leader] bid from miner1 for gold(8,28) is 10000
[leader] bid from miner1 for gold(9,28) is 10000
[leader] bid from miner2 for gold(8,28) is 10000
[leader] bid from miner2 for gold(9,28) is 10000
[leader] bid from miner4 for gold(8,28) is 10000
[leader] could not allocate gold gold(8,28)
[leader] bid from miner4 for gold(9,28) is 10000
[leader] could not allocate gold gold(9,28)
[miner4] miner3 has taken gold(8,29) that I am pursuing! Dropping my intention.
[miner4] Uncommitted gold distances: [d(13,gold(9,28)),d(14,gold(8,28)),d(14,gold(9,29)),d(16,gold(9,31))]4
[miner4] Next gold is gold(9,28)
[miner4] Handling gold(9,28) now.
[miner1] I've reached 16x16
[WorldModel] Agent 1 carried a gold to depot!
[miner1] Finish handling gold(8,30)
[miner1] Uncommitted gold distances: [d(20,gold(8,28)),d(20,gold(9,29)),d(22,gold(9,31)),d(22,gold(8,30))]4
[miner1] Next gold is gold(8,28)
[miner1] Handling gold(8,28) now.
[miner3] I've reached 16x16
[WorldModel] Agent 3 carried a gold to depot!
[miner3] Finish handling gold(8,29)
[miner3] Uncommitted gold distances: [d(20,gold(9,29)),d(22,gold(9,31)),d(27,gold(3,30))]3
[miner3] Next gold is gold(9,29)
[miner3] Handling gold(9,29) now.
[miner2] I've reached 16x16
[WorldModel] Agent 2 carried a gold to depot!
[miner2] Finish handling gold(9,30)
[miner2] Uncommitted gold distances: [d(22,gold(9,31)),d(26,gold(5,31))]2
[miner2] Next gold is gold(9,31)
[miner2] Handling gold(9,31) now.
[miner4] Giving up current gold gold(9,28) to handle gold(9,29) which I am seeing!
[miner4] Announcing gold(9,28) to others
[miner4] Going for gold(9,29)
[miner4] Handling gold(9,29) now.
[leader] bid from miner2 for gold(9,28) is 10000
[leader] bid from miner3 for gold(9,28) is 10000
[leader] bid from miner1 for gold(9,28) is 10000
[leader] could not allocate gold gold(9,28)
[miner4] I've reached 9x29
[miner3] miner4 has taken gold(9,29) that I am pursuing! Dropping my intention.
[miner3] Uncommitted gold distances: [d(13,gold(9,28)),d(9,gold(3,30))]2
[miner3] Next gold is gold(3,30)
[miner3] Handling gold(3,30) now.
[miner1] Announcing gold(8,27) to others
[miner1] I've reached 8x28
[miner1] Announcing gold(9,27) to others
[leader] bid from miner2 for gold(8,27) is 10000
[leader] bid from miner2 for gold(9,27) is 10000
[leader] bid from miner3 for gold(8,27) is 10000
[miner3] I've reached 3x30
[miner3] failed to catch gold gold(3,30)
[leader] bid from miner3 for gold(9,27) is 10000
[leader] bid from miner4 for gold(8,27) is 10000
[leader] bid from miner4 for gold(9,27) is 10000
[leader] could not allocate gold gold(8,27)
[leader] could not allocate gold gold(9,27)
[miner3] Uncommitted gold distances: [d(9,gold(9,27)),d(8,gold(8,27)),d(8,gold(9,28))]3
[miner3] Next gold is gold(8,27)
[miner3] Handling gold(8,27) now.
[miner3] Giving up current gold gold(8,27) to handle gold(9,31) which I am seeing!
[miner3] Announcing gold(8,27) to others
[leader] bid from miner2 for gold(8,27) is 10000
[miner3] Going for gold(9,31)
[miner3] Handling gold(9,31) now.
[leader] bid from miner4 for gold(8,27) is 10000
[leader] bid from miner1 for gold(8,27) is 10000
[leader] could not allocate gold gold(8,27)
[miner3] I've reached 9x31
[miner2] miner3 has taken gold(9,31) that I am pursuing! Dropping my intention.
[miner2] Uncommitted gold distances: [d(3,gold(9,27)),d(4,gold(8,27)),d(2,gold(9,28)),d(5,gold(5,31))]4
[miner2] Next gold is gold(9,28)
[miner2] Handling gold(9,28) now.
[miner2] I've reached 9x28
[miner4] I've reached 16x16
[WorldModel] Agent 4 carried a gold to depot!
[miner4] Finish handling gold(9,29)
[miner4] Uncommitted gold distances: [d(18,gold(9,27)),d(19,gold(8,27))]2
[miner4] Next gold is gold(9,27)
[miner4] Handling gold(9,27) now.
[miner1] I've reached 16x16
[WorldModel] Agent 1 carried a gold to depot!
[miner1] Finish handling gold(8,28)
[miner1] Uncommitted gold distances: [d(19,gold(8,27)),d(22,gold(8,30))]2
[miner1] Next gold is gold(8,27)
[miner1] Handling gold(8,27) now.
[miner3] I've reached 16x16
[WorldModel] Agent 3 carried a gold to depot!
[miner3] Finish handling gold(9,31)
[miner2] I've reached 16x16
[WorldModel] Agent 2 carried a gold to depot!
[miner2] Finish handling gold(9,28)
[miner2] Uncommitted gold distances: [d(19,gold(9,28)),d(26,gold(5,31))]2
[miner2] Next gold is gold(9,28)
[miner2] Handling gold(9,28) now.
[miner4] Announcing gold(8,26) to others
[miner4] I've reached 9x27
[miner4] Announcing gold(9,26) to others
[leader] bid from miner2 for gold(8,26) is 10000
[leader] bid from miner3 for gold(8,26) is 10
[leader] bid from miner3 for gold(9,26) is 9
[leader] bid from miner2 for gold(9,26) is 10000
[leader] bid from miner1 for gold(8,26) is 10000
[leader] bid from miner1 for gold(9,26) is 10000
[leader] Gold gold(8,26) was allocated to miner3 options were [op(10000,miner1),op(10,miner3),op(10000,miner2)]
[leader] Gold gold(9,26) was allocated to miner3 options were [op(10000,miner1),op(10000,miner2),op(9,miner3)]
[miner3] Gold gold(8,26) allocated to miner3
[miner3] Dropping around(_,_) desires and intentions to handle gold(8,26)
[miner3] Going for gold(8,26)
[miner3] I can not handle gold(9,26) anymore!
[miner3] (Re)announcing gold(9,26) to others
[miner3] Handling gold(8,26) now.
[leader] bid from miner1 for gold(9,26) is 10000
[leader] bid from miner2 for gold(9,26) is 10000
[leader] bid from miner4 for gold(9,26) is 10000
[leader] could not allocate gold gold(9,26)
[miner1] I've reached 8x27
[miner3] Announcing gold(8,25) to others
[miner3] I've reached 8x26
[miner3] Announcing gold(9,25) to others
[leader] bid from miner1 for gold(8,25) is 10000
[leader] bid from miner2 for gold(8,25) is 10000
[leader] bid from miner4 for gold(8,25) is 10000
[leader] bid from miner1 for gold(9,25) is 10000
[leader] bid from miner2 for gold(9,25) is 10000
[leader] bid from miner4 for gold(9,25) is 10000
[leader] could not allocate gold gold(8,25)
[leader] could not allocate gold gold(9,25)
[leader] could not allocate gold gold(9,25)
[miner4] I've reached 16x16
[WorldModel] Agent 4 carried a gold to depot!
[miner4] Finish handling gold(9,27)
[miner4] Uncommitted gold distances: [d(16,gold(9,25)),d(17,gold(8,25)),d(17,gold(9,26))]3
[miner4] Next gold is gold(9,25)
[miner4] Handling gold(9,25) now.
[miner2] I've reached 9x28
[miner2] failed to catch gold gold(9,28)
[miner2] Uncommitted gold distances: [d(4,gold(8,25)),d(2,gold(9,26)),d(7,gold(5,31))]3
[miner2] Next gold is gold(9,26)
[miner2] Handling gold(9,26) now.
[miner2] I've reached 9x26
[miner1] I've reached 16x16
[WorldModel] Agent 1 carried a gold to depot!
[miner1] Finish handling gold(8,27)
[miner1] Uncommitted gold distances: [d(17,gold(8,25)),d(19,gold(8,27)),d(22,gold(8,30))]3
[miner1] Next gold is gold(8,25)
[miner1] Handling gold(8,25) now.
[miner3] I've reached 16x16
[WorldModel] Agent 3 carried a gold to depot!
[miner3] Finish handling gold(8,26)
[miner3] in no Q, going to X1
[miner2] I've reached 16x16
[WorldModel] Agent 2 carried a gold to depot!
[miner2] Finish handling gold(9,26)
[miner2] Uncommitted gold distances: [d(17,gold(9,26)),d(26,gold(5,31))]2
[miner2] Next gold is gold(9,26)
[miner2] Handling gold(9,26) now.
[miner4] Announcing gold(8,24) to others
[miner4] I've reached 9x25
[miner4] Announcing gold(9,24) to others
[leader] bid from miner3 for gold(8,24) is 8
[leader] bid from miner3 for gold(9,24) is 9
[leader] bid from miner1 for gold(8,24) is 10000
[leader] bid from miner1 for gold(9,24) is 10000
[leader] bid from miner2 for gold(8,24) is 10000
[leader] bid from miner2 for gold(9,24) is 10000
[leader] Gold gold(8,24) was allocated to miner3 options were [op(10000,miner2),op(10000,miner1),op(8,miner3)]
[leader] Gold gold(9,24) was allocated to miner3 options were [op(10000,miner2),op(10000,miner1),op(9,miner3)]
[miner3] Gold gold(8,24) allocated to miner3
[miner3] Dropping around(_,_) desires and intentions to handle gold(8,24)
[miner3] Going for gold(8,24)
[miner3] I can not handle gold(9,24) anymore!
[miner3] (Re)announcing gold(9,24) to others
[miner3] Handling gold(8,24) now.
[leader] bid from miner1 for gold(9,24) is 10000
[leader] bid from miner4 for gold(9,24) is 10000
[leader] bid from miner2 for gold(9,24) is 10000
[leader] could not allocate gold gold(9,24)
[miner1] Announcing gold(7,24) to others
[miner1] I've reached 8x25
[leader] bid from miner2 for gold(7,24) is 10000
[leader] bid from miner4 for gold(7,24) is 10000
[leader] bid from miner3 for gold(7,24) is 10000
[leader] could not allocate gold gold(7,24)
[miner3] I've reached 8x24
[miner2] I've reached 9x26
[miner2] failed to catch gold gold(9,26)
[miner2] Uncommitted gold distances: [d(4,gold(7,24)),d(2,gold(9,24)),d(9,gold(5,31))]3
[miner2] Next gold is gold(9,24)
[miner2] Handling gold(9,24) now.
[miner2] I've reached 9x24
[miner4] I've reached 16x16
[WorldModel] Agent 4 carried a gold to depot!
[miner4] Finish handling gold(9,25)
[miner4] Uncommitted gold distances: [d(17,gold(7,24))]1
[miner4] Next gold is gold(7,24)
[miner4] Handling gold(7,24) now.
[miner1] I've reached 16x16
[WorldModel] Agent 1 carried a gold to depot!
[miner1] Finish handling gold(8,25)
[miner1] Uncommitted gold distances: [d(19,gold(8,27)),d(22,gold(8,30))]2
[miner1] Next gold is gold(8,27)
[miner1] Handling gold(8,27) now.
[miner3] I've reached 16x16
[WorldModel] Agent 3 carried a gold to depot!
[miner3] Finish handling gold(8,24)
[miner3] in no Q, going to X1
[miner2] I've reached 16x16
[WorldModel] Agent 2 carried a gold to depot!
[miner2] Finish handling gold(9,24)
[miner2] Uncommitted gold distances: [d(15,gold(9,24)),d(26,gold(5,31))]2
[miner2] Next gold is gold(9,24)
[miner2] Handling gold(9,24) now.
[miner3] in Q3 to 16x20
[miner4] Announcing gold(6,24) to others
[miner4] I've reached 7x24
[leader] bid from miner1 for gold(6,24) is 10000
[leader] bid from miner2 for gold(6,24) is 10000
[leader] bid from miner3 for gold(6,24) is 8
[leader] Gold gold(6,24) was allocated to miner3 options were [op(8,miner3),op(10000,miner2),op(10000,miner1)]
[miner3] Gold gold(6,24) allocated to miner3
[miner3] Dropping around(_,_) desires and intentions to handle gold(6,24)
[miner3] Going for gold(6,24)
[miner3] Handling gold(6,24) now.
[miner1] I've reached 8x27
[miner1] failed to catch gold gold(8,27)
[miner1] Uncommitted gold distances: [d(3,gold(8,30))]1
[miner1] Next gold is gold(8,30)
[miner1] Handling gold(8,30) now.
[miner1] I've reached 8x30
[miner1] failed to catch gold gold(8,30)
[miner1] in no Q, going to Y1
[miner3] Announcing gold(5,24) to others
[miner3] I've reached 6x24
[leader] bid from miner2 for gold(5,24) is 10000
[leader] bid from miner4 for gold(5,24) is 10000
[leader] bid from miner1 for gold(5,24) is 5
[leader] Gold gold(5,24) was allocated to miner1 options were [op(5,miner1),op(10000,miner4),op(10000,miner2)]
[miner1] Gold gold(5,24) allocated to miner1
[miner1] Dropping around(_,_) desires and intentions to handle gold(5,24)
[miner1] Going for gold(5,24)
[miner1] Handling gold(5,24) now.
[miner1] Announcing gold(4,24) to others
[miner1] I've reached 5x24
[leader] bid from miner4 for gold(4,24) is 10000
[miner2] I've reached 9x24
[miner2] failed to catch gold gold(9,24)
[miner4] I've reached 16x16
[leader] bid from miner2 for gold(4,24) is 10000
[leader] bid from miner3 for gold(4,24) is 10000
[leader] could not allocate gold gold(4,24)
[WorldModel] Agent 4 carried a gold to depot!
[miner2] Uncommitted gold distances: [d(5,gold(4,24)),d(11,gold(5,31))]2
[miner4] Finish handling gold(7,24)
[miner2] Next gold is gold(4,24)
[miner2] Handling gold(4,24) now.
[miner4] Uncommitted gold distances: [d(20,gold(4,24))]1
[miner4] Next gold is gold(4,24)
[miner4] Handling gold(4,24) now.
[miner3] I've reached 16x16
[WorldModel] Agent 3 carried a gold to depot!
[miner3] Finish handling gold(6,24)
[miner3] in no Q, going to X1
[miner3] in Q3 to 16x22
[miner3] in Q2 to 0x24
[miner3] in Q3 to 16x26
[miner3] in Q2 to 0x28
[miner3] in Q3 to 16x30
[miner3] in Q2 to 0x32
[miner3] in Q3 to 16x34
[miner3] in Q4 to 0x17
[miner3] in Q1 to 16x17
[miner3] in Q2 to 0x19
[miner3] in Q3 to 16x21
[miner3] in Q2 to 0x23
[miner3] in Q3 to 16x25
[miner3] in Q2 to 0x27
[miner3] in Q3 to 16x29
[miner3] in Q2 to 0x31
[miner3] in Q3 to 16x33
[miner3] in Q2 to 0x34
[miner3] in Q3 to 16x34
[miner3] in Q4 to 0x17
[miner3] in Q1 to 16x17
[miner3] in Q2 to 0x19
[miner3] in Q3 to 16x21
[miner3] in Q2 to 0x23
[miner3] in Q3 to 16x25
[miner3] in Q2 to 0x27
[miner3] in Q3 to 16x29
[miner3] in Q2 to 0x31
[miner3] in Q3 to 16x33
[miner3] in Q2 to 0x34
[miner3] in Q3 to 16x34
[miner3] in Q4 to 0x17
[miner3] in Q1 to 16x17
[miner3] in Q2 to 0x19
[miner3] in Q3 to 16x21
[miner3] in Q2 to 0x23
[miner3] in Q3 to 16x25
[miner3] in Q2 to 0x27
[miner3] in Q3 to 16x29
[miner3] in Q2 to 0x31
[miner3] in Q3 to 16x33
[miner3] in Q2 to 0x34
[miner3] in Q3 to 16x34
[miner3] in Q4 to 0x17
[miner3] in Q1 to 16x17
[miner2] Giving up current gold gold(4,24) to handle gold(9,24) which I am seeing!
[miner2] Announcing gold(4,24) to others
[miner2] Going for gold(9,24)
[leader] bid from miner1 for gold(4,24) is 10000
[leader] bid from miner3 for gold(4,24) is 12
[miner2] Handling gold(9,24) now.
[leader] bid from miner4 for gold(4,24) is 10000
[leader] Gold gold(4,24) was allocated to miner3 options were [op(10000,miner4),op(12,miner3),op(10000,miner1)]
[miner3] Gold gold(4,24) allocated to miner3
[miner3] Dropping around(_,_) desires and intentions to handle gold(4,24)
[miner3] Going for gold(4,24)
[miner3] Handling gold(4,24) now.
[miner2] I've reached 9x24
[miner4] Giving up current gold gold(4,24) to handle gold(1,26) which I am seeing!
[miner4] Announcing gold(4,24) to others
[miner4] Going for gold(1,26)
[miner4] Handling gold(1,26) now.
[leader] bid from miner1 for gold(4,24) is 10000
[leader] bid from miner3 for gold(4,24) is 10000
[leader] bid from miner2 for gold(4,24) is 10000
[leader] could not allocate gold gold(4,24)
[miner4] I've reached 1x26
[miner2] Announcing gold(1,28) to others
[leader] bid from miner1 for gold(1,28) is 10000
[leader] bid from miner3 for gold(1,28) is 10000
[leader] bid from miner4 for gold(1,28) is 10000
[leader] could not allocate gold gold(1,28)
[miner4] I've reached 16x16
[WorldModel] Agent 4 carried a gold to depot!
[miner4] Finish handling gold(1,26)
[miner4] Uncommitted gold distances: [d(27,gold(1,28))]1
[miner4] Next gold is gold(1,28)
[miner4] Handling gold(1,28) now.
[miner2] I've reached 16x16
[WorldModel] Agent 2 carried a gold to depot!
[miner2] Finish handling gold(9,24)
[miner2] Uncommitted gold distances: [d(26,gold(5,31))]1
[miner2] Next gold is gold(5,31)
[miner2] Handling gold(5,31) now.
[miner3] Giving up current gold gold(4,24) to handle gold(1,28) which I am seeing!
[miner3] Announcing gold(4,24) to others
[miner3] Going for gold(1,28)
[miner3] Handling gold(1,28) now.
[leader] bid from miner4 for gold(4,24) is 10000
[leader] bid from miner1 for gold(4,24) is 10000
[leader] bid from miner2 for gold(4,24) is 10000
[leader] could not allocate gold gold(4,24)
[miner1] I've reached 16x16
[WorldModel] Agent 1 carried a gold to depot!
[miner1] Finish handling gold(5,24)
[miner1] Uncommitted gold distances: [d(20,gold(4,24))]1
[miner1] Next gold is gold(4,24)
[miner1] Handling gold(4,24) now.
[miner1] Giving up current gold gold(4,24) to handle gold(1,22) which I am seeing!
[miner1] Announcing gold(4,24) to others
[miner1] Going for gold(1,22)
[miner1] Handling gold(1,22) now.
[miner1] I've reached 1x22
[miner1] I've reached 16x16
[WorldModel] Agent 1 carried a gold to depot!
[miner1] Finish handling gold(1,22)
[miner1] Uncommitted gold distances: [d(20,gold(4,24))]1
[miner1] Next gold is gold(4,24)
[miner1] Handling gold(4,24) now.
[miner1] Giving up current gold gold(4,24) to handle gold(1,22) which I am seeing!
[miner1] Announcing gold(4,24) to others
[miner1] Going for gold(1,22)
[miner1] Handling gold(1,22) now.
[miner1] I've reached 1x22
[miner1] I've reached 16x16
[WorldModel] Agent 1 carried a gold to depot!
[miner1] Finish handling gold(1,22)
[miner1] Uncommitted gold distances: [d(20,gold(4,24))]1
[miner1] Next gold is gold(4,24)
[miner1] Handling gold(4,24) now.
[miner4] Giving up current gold gold(1,28) to handle gold(1,25) which I am seeing!
[miner4] Announcing gold(1,28) to others
[leader] bid from miner1 for gold(1,28) is 10000
[miner2] Giving up current gold gold(5,31) to handle gold(1,25) which I am seeing!
[miner2] Announcing gold(5,31) to others
[leader] bid from miner1 for gold(5,31) is 10000
[miner2] Going for gold(1,25)
[leader] bid from miner2 for gold(1,28) is 10000
[miner2] Handling gold(1,25) now.
[leader] bid from miner3 for gold(1,28) is 10000
[leader] could not allocate gold gold(1,28)
[miner4] Going for gold(1,25)
[miner4] Handling gold(1,25) now.
[miner4] I've reached 1x25
[miner2] miner4 has taken gold(1,25) that I am pursuing! Dropping my intention.
[miner2] Uncommitted gold distances: [d(10,gold(5,31))]1
[miner2] Next gold is gold(5,31)
[miner2] Handling gold(5,31) now.
[miner4] I've reached 16x16
[WorldModel] Agent 4 carried a gold to depot!
[miner4] Finish handling gold(1,25)
[miner4] in no Q, going to X1
[miner4] in Q3 to 34x27
[miner4] in Q2 to 17x29
[miner4] in Q3 to 34x31
[miner4] in Q2 to 17x33
[miner4] in Q3 to 34x34
[miner4] in Q4 to 17x17
[miner4] in Q1 to 34x17
[miner4] in Q2 to 17x19
[miner4] in Q3 to 34x21
[miner4] in Q2 to 17x23
[miner4] in Q3 to 34x25
[miner4] in Q2 to 17x27
[miner4] in Q3 to 34x29
[miner4] in Q2 to 17x31
[miner4] in Q3 to 34x33
[miner4] in Q2 to 17x34
[miner1] Giving up current gold gold(4,24) to handle gold(1,26) which I am seeing!
[miner1] Announcing gold(4,24) to others
[miner1] Going for gold(1,26)
[miner1] Handling gold(1,26) now.
[miner2] Giving up current gold gold(5,31) to handle gold(1,26) which I am seeing!
[miner2] Announcing gold(5,31) to others
[miner1] I've reached 1x26
[miner2] Going for gold(1,26)
[miner2] Handling gold(1,26) now.
[miner2] miner1 has taken gold(1,26) that I am pursuing! Dropping my intention.
[miner4] in Q3 to 34x34
[miner2] Uncommitted gold distances: [d(4,gold(4,24)),d(10,gold(5,31))]2
[miner2] Next gold is gold(4,24)
[miner2] Handling gold(4,24) now.
[miner4] in Q4 to 17x17
[miner1] I've reached 16x16
[WorldModel] Agent 1 carried a gold to depot!
[miner1] Finish handling gold(1,26)
[miner1] Uncommitted gold distances: [d(26,gold(5,31))]1
[miner1] Next gold is gold(5,31)
[miner1] Handling gold(5,31) now.
[miner4] in Q1 to 34x17
[miner4] in Q2 to 17x19
[miner4] in Q3 to 34x21
[miner4] in Q2 to 17x23
[miner4] in Q3 to 34x25
[miner4] in Q2 to 17x27
[miner3] Giving up current gold gold(1,28) to handle gold(0,27) which I am seeing!
[miner3] Announcing gold(1,28) to others
[leader] bid from miner1 for gold(1,28) is 10000
[leader] bid from miner4 for gold(1,28) is 28
[leader] bid from miner2 for gold(1,28) is 10000
[leader] Gold gold(1,28) was allocated to miner4 options were [op(10000,miner2),op(28,miner4),op(10000,miner1)]
[miner4] Gold gold(1,28) allocated to miner4
[miner4] Dropping around(_,_) desires and intentions to handle gold(1,28)
[miner4] Going for gold(1,28)
[miner4] Handling gold(1,28) now.
[miner3] Going for gold(0,27)
[miner3] Handling gold(0,27) now.
[miner3] I've reached 0x27
[miner2] Giving up current gold gold(4,24) to handle gold(1,28) which I am seeing!
[miner2] Announcing gold(4,24) to others
[miner2] Going for gold(1,28)
[miner2] Handling gold(1,28) now.
[miner1] Giving up current gold gold(5,31) to handle gold(1,28) which I am seeing!
[miner1] Announcing gold(5,31) to others
[miner1] Going for gold(1,28)
[miner1] Handling gold(1,28) now.
[leader] bid from miner3 for gold(5,31) is 10000
[leader] bid from miner2 for gold(5,31) is 10000
[leader] bid from miner4 for gold(5,31) is 10000
[leader] could not allocate gold gold(5,31)
[miner3] I've reached 16x16
[WorldModel] Agent 3 carried a gold to depot!
[miner3] Finish handling gold(0,27)
[miner3] Uncommitted gold distances: [d(20,gold(4,24)),d(26,gold(5,31))]2
[miner3] Next gold is gold(4,24)
[miner3] Handling gold(4,24) now.
[miner1] Giving up current gold gold(1,28) to handle gold(0,27) which I am seeing!
[miner1] Announcing gold(1,28) to others
[miner1] Going for gold(0,27)
[leader] bid from miner3 for gold(1,28) is 10000
[miner1] Handling gold(0,27) now.
[miner1] I've reached 0x27
[leader] bid from miner2 for gold(1,28) is 10000
[leader] bid from miner4 for gold(1,28) is 10000
[leader] could not allocate gold gold(1,28)
[miner1] I've reached 16x16
[WorldModel] Agent 1 carried a gold to depot!
[miner1] Finish handling gold(0,27)
[miner1] Uncommitted gold distances: [d(26,gold(5,31))]1
[miner1] Next gold is gold(5,31)
[miner1] Handling gold(5,31) now.
[miner3] Giving up current gold gold(4,24) to handle gold(1,28) which I am seeing!
[miner3] Announcing gold(4,24) to others
[miner3] Going for gold(1,28)
[miner3] Handling gold(1,28) now.
[miner3] Giving up current gold gold(1,28) to handle gold(1,27) which I am seeing!
[miner3] Announcing gold(1,28) to others
[miner3] Going for gold(1,27)
[miner3] Handling gold(1,27) now.
[miner2] Giving up current gold gold(1,28) to handle gold(1,27) which I am seeing!
[miner2] Announcing gold(1,28) to others
[miner2] Going for gold(1,27)
[miner2] Handling gold(1,27) now.
[miner2] I've reached 1x27
[miner3] miner2 has taken gold(1,27) that I am pursuing! Dropping my intention.
[miner3] Uncommitted gold distances: [d(7,gold(4,24))]1
[miner3] Next gold is gold(4,24)
[miner3] Handling gold(4,24) now.
[miner3] Giving up current gold gold(4,24) to handle gold(0,29) which I am seeing!
[miner3] Announcing gold(4,24) to others
[miner3] Going for gold(0,29)
[miner3] Handling gold(0,29) now.
[miner3] Announcing gold(1,29) to others
[leader] bid from miner1 for gold(1,29) is 10000
[leader] bid from miner2 for gold(1,29) is 10000
[leader] bid from miner4 for gold(1,29) is 10000
[leader] could not allocate gold gold(1,29)
[miner3] Announcing gold(0,30) to others
[miner3] I've reached 0x29
[miner3] Announcing gold(1,30) to others
[leader] bid from miner2 for gold(0,30) is 10000
[leader] bid from miner2 for gold(1,30) is 10000
[leader] bid from miner4 for gold(0,30) is 10000
[leader] bid from miner4 for gold(1,30) is 10000
[leader] bid from miner1 for gold(0,30) is 10000
[leader] bid from miner1 for gold(1,30) is 10000
[leader] could not allocate gold gold(0,30)
[leader] could not allocate gold gold(1,30)
[miner2] I've reached 16x16
[WorldModel] Agent 2 carried a gold to depot!
[miner2] Finish handling gold(1,27)
[miner2] Uncommitted gold distances: [d(29,gold(1,30)),d(30,gold(0,30)),d(28,gold(1,29)),d(20,gold(4,24))]4
[miner2] Next gold is gold(4,24)
[miner2] Handling gold(4,24) now.
[miner1] Giving up current gold gold(5,31) to handle gold(1,28) which I am seeing!
[miner1] Announcing gold(5,31) to others
[miner1] Going for gold(1,28)
[miner1] Handling gold(1,28) now.
[miner3] I've reached 16x16
[WorldModel] Agent 3 carried a gold to depot!
[miner3] Finish handling gold(0,29)
[miner3] Uncommitted gold distances: [d(29,gold(1,30)),d(30,gold(0,30)),d(28,gold(1,29)),d(26,gold(5,31))]4
[miner3] Next gold is gold(5,31)
[miner3] Handling gold(5,31) now.
[miner3] Giving up current gold gold(5,31) to handle gold(1,26) which I am seeing!
[miner4] Giving up current gold gold(1,28) to handle gold(1,26) which I am seeing!
[miner3] Announcing gold(5,31) to others
[miner3] Going for gold(1,26)
[miner4] Announcing gold(1,28) to others
[miner3] Handling gold(1,26) now.
[miner4] Going for gold(1,26)
[miner4] Handling gold(1,26) now.
[miner4] I've reached 1x26
[miner3] I've reached 1x26
[miner3] failed to catch gold gold(1,26)
[miner3] Uncommitted gold distances: [d(4,gold(1,30)),d(5,gold(0,30)),d(3,gold(1,29)),d(9,gold(5,31))]4
[miner3] Next gold is gold(1,29)
[miner3] Handling gold(1,29) now.
[miner4] I've reached 16x16
[WorldModel] Agent 4 carried a gold to depot!
[miner4] Finish handling gold(1,26)
[miner4] Uncommitted gold distances: [d(29,gold(1,30)),d(30,gold(0,30)),d(26,gold(5,31))]3
[miner4] Next gold is gold(5,31)
[miner4] Handling gold(5,31) now.
[miner2] Giving up current gold gold(4,24) to handle gold(1,24) which I am seeing!
[miner2] Announcing gold(4,24) to others
[miner2] Going for gold(1,24)
[miner2] Handling gold(1,24) now.
[miner2] I've reached 1x24
[miner3] Giving up current gold gold(1,29) to handle gold(1,24) which I am seeing!
[miner3] Announcing gold(1,29) to others
[miner3] Going for gold(1,24)
[miner3] Handling gold(1,24) now.
[miner3] miner2 has taken gold(1,24) that I am pursuing! Dropping my intention.
[miner4] Giving up current gold gold(5,31) to handle gold(1,24) which I am seeing!
[miner3] Uncommitted gold distances: [d(6,gold(1,30)),d(5,gold(0,30)),d(5,gold(1,29)),d(5,gold(4,24))]4
[miner4] Announcing gold(5,31) to others
[miner3] Next gold is gold(0,30)
[miner4] Going for gold(1,24)
[miner4] miner2 has taken gold(1,24) that I am pursuing! Dropping my intention.
[leader] bid from miner3 for gold(5,31) is 10000
[leader] bid from miner1 for gold(5,31) is 10000
[miner4] Uncommitted gold distances: [d(6,gold(1,30)),d(7,gold(0,30)),d(5,gold(1,29)),d(3,gold(4,24)),d(11,gold(5,31))]5
[miner4] Next gold is gold(4,24)
[miner4] Handling gold(4,24) now.
[miner3] Handling gold(0,30) now.
[leader] bid from miner2 for gold(5,31) is 10000
[leader] could not allocate gold gold(5,31)
[miner2] I've reached 16x16
[WorldModel] Agent 2 carried a gold to depot!
[miner2] Finish handling gold(1,24)
[miner2] Uncommitted gold distances: [d(29,gold(1,30)),d(28,gold(1,29)),d(26,gold(5,31))]3
[miner2] Next gold is gold(5,31)
[miner2] Handling gold(5,31) now.
[miner2] Giving up current gold gold(5,31) to handle gold(1,23) which I am seeing!
[miner2] Announcing gold(5,31) to others
[miner2] Going for gold(1,23)
[miner2] Handling gold(1,23) now.
[miner2] I've reached 1x23
[miner2] I've reached 16x16
[WorldModel] Agent 2 carried a gold to depot!
[miner2] Finish handling gold(1,23)
[miner2] Uncommitted gold distances: [d(29,gold(1,30)),d(28,gold(1,29)),d(26,gold(5,31))]3
[miner2] Next gold is gold(5,31)
[miner2] Handling gold(5,31) now.
